$ docker build -t frontend:3.5 -f Dockerfile.frontend .
Sending build context to Docker daemon  37.38kB
Step 1/13 : FROM node:alpine as build-frontend
 ---> a9a8b83644f7
Step 2/13 : ENV NODE_ENV=production
 ---> Running in 3316f4bd7b59
Removing intermediate container 3316f4bd7b59
 ---> 62dcda576af1
Step 3/13 : WORKDIR /home/node/
 ---> Running in bae72958a782
Removing intermediate container bae72958a782
 ---> b8d89a3ad88c
Step 4/13 : RUN wget -O - https://github.com/docker-hy/frontend-example-docker/tarball/master | tar xz &&     mv -f docker-hy-frontend-example-docker-*/* . &&     rm -f -r docker-hy-frontend-example-docker-* &&     npm install &&     npm run-script build
 ---> Running in 80266bf49d48
Connecting to github.com (140.82.118.4:443)
Connecting to codeload.github.com (192.30.253.120:443)
-                    100% |********************************| 91524  0:00:00 ETA

npm WARN optional SKIPPING OPTIONAL DEPENDENCY: fsevents@1.2.7 (node_modules/fsevents):
npm WARN notsup SKIPPING OPTIONAL DEPENDENCY: Unsupported platform for fsevents@1.2.7: wanted {"os":"darwin","arch":"any"} (current: {"os":"linux","arch":"x64"})

added 1029 packages from 415 contributors and audited 11636 packages in 22.131s
found 311 vulnerabilities (4 moderate, 307 high)
  run `npm audit fix` to fix them, or `npm audit` for details

> frontend-example-docker@1.0.0 build /home/node
> webpack --mode production

Browserslist: caniuse-lite is outdated. Please run next command `npm update caniuse-lite browserslist`
Hash: 1bcb2b1097ed8320432f
Version: webpack 4.29.6
Time: 25812ms
Built at: 07/18/2019 8:26:57 PM
                                 Asset       Size  Chunks                    Chunk Names
0ab54153eeeca0ce03978cc463b257f7.woff2   39.2 KiB          [emitted]         
  13db00b7a34fee4d819ab7f9838cc428.eot   96.3 KiB          [emitted]         
  701ae6abd4719e9c2ada3535a497b341.eot   30.4 KiB          [emitted]         
  82f60bd0b94a1ed68b1e6e309ce2e8c3.svg    105 KiB          [emitted]         
  8e3c7f5520f5ae906c6cf6d7f3ddcd19.eot    104 KiB          [emitted]         
  962a1bf31c081691065fe333d9fa8105.svg    382 KiB          [emitted]  [big]  
  9c74e172f87984c48ddf5c8108cabe67.png   27.5 KiB          [emitted]         
 a046592bac8f2fd96e994733faf3858c.woff   62.2 KiB          [emitted]         
  a1a749e89f578a49306ec2b055c073da.svg    496 KiB          [emitted]  [big]  
  a3e2211dddcba197b5bbf2aa9d5d9a9a.svg   3.19 KiB          [emitted]         
  ad97afd3337e8cda302d10ff5a4026b8.ttf   30.2 KiB          [emitted]         
  b87b9ba532ace76ae9f6edfe9f72ded2.ttf    103 KiB          [emitted]         
  bff6c47a9da5c7cfa2e8a552e2df3a78.svg    3.2 KiB          [emitted]         
  c5ebe0b32dc1b5cc449a76c4204d13bb.ttf   96.1 KiB          [emitted]         
cd6c777f1945164224dee082abaea03a.woff2     12 KiB          [emitted]         
e8c322de9658cbeb8a774b6624167c2c.woff2   53.2 KiB          [emitted]         
 ef60a4f6c25ef7f39f2d25a748dbecfe.woff   14.4 KiB          [emitted]         
 faff92145777a3cbaf8e7367b4807987.woff   49.3 KiB          [emitted]         
                            index.html  454 bytes          [emitted]         
                              main.css  127 bytes       0  [emitted]         main
                               main.js   19.1 KiB       0  [emitted]         main
                    vendors~main-1.css    602 KiB       1  [emitted]  [big]  vendors~main
                       vendors~main.js    328 KiB       1  [emitted]  [big]  vendors~main
Entrypoint main [big] = vendors~main-1.css vendors~main.js main.css main.js
  [7] ./node_modules/semantic-ui-react/dist/es/lib/index.js + 1 modules 2.94 KiB {1} [built]
      |    2 modules
 [51] ./node_modules/semantic-ui-react/dist/es/elements/Icon/Icon.js + 1 modules 6.22 KiB {1} [built]
      |    2 modules
 [80] ./node_modules/react-redux/es/index.js + 19 modules 36.2 KiB {1} [built]
      |    20 modules
 [93] ./node_modules/semantic-ui-react/dist/es/elements/Label/Label.js + 2 modules 10.6 KiB {1} [built]
      |    3 modules
 [94] (webpack)/buildin/global.js 472 bytes {1} [built]
[246] ./src/assets/toscalogo_color.svg 82 bytes {0} [built]
[247] ./src/assets/toscalogo_grayscale.svg 82 bytes {0} [built]
[266] multi @babel/polyfill ./src 40 bytes {0} [built]
[446] (webpack)/buildin/harmony-module.js 573 bytes {1} [built]
[448] ./src/assets/custom.css 39 bytes {0} [built]
[585] ./src/index.js + 18 modules 37.8 KiB {0} [built]
      | ./src/index.js 569 bytes [built]
      | ./src/util/store.js 481 bytes [built]
      | ./util/common.js 117 bytes [built]
      | ./src/util/apiConnection.js 4.7 KiB [built]
      | ./src/util/redux/index.js 219 bytes [built]
      | ./src/util/redux/messageReducer.js 1.76 KiB [built]
      | ./src/util/redux/simpleReducer.js 1.47 KiB [built]
      | ./src/util/common.js 221 bytes [built]
      |     + 11 hidden modules
[586] ./node_modules/semantic-ui-react/dist/es/elements/Button/Button.js + 3 modules 17.7 KiB {1} [built]
      |    4 modules
[594] ./node_modules/react-router-dom/es/BrowserRouter.js + 12 modules 41 KiB {1} [built]
      |    13 modules
[596] ./node_modules/react-router-dom/es/Switch.js + 1 modules 3.35 KiB {1} [built]
      |    2 modules
[597] ./node_modules/react-router-dom/es/Route.js + 1 modules 5.9 KiB {1} [built]
      |    2 modules
    + 971 hidden modules

WARNING in asset size limit: The following asset(s) exceed the recommended size limit (244 KiB).
This can impact web performance.
Assets: 
  a1a749e89f578a49306ec2b055c073da.svg (496 KiB)
  962a1bf31c081691065fe333d9fa8105.svg (382 KiB)
  vendors~main-1.css (602 KiB)
  vendors~main.js (328 KiB)

WARNING in entrypoint size limit: The following entrypoint(s) combined asset size exceeds the recommended limit (244 KiB). This can impact web performance.
Entrypoints:
  main (949 KiB)
      vendors~main-1.css
      vendors~main.js
      main.css
      main.js


WARNING in webpack performance recommendations: 
You can limit the size of your bundles by using import() or require.ensure to lazy load some parts of your application.
For more info visit https://webpack.js.org/guides/code-splitting/
Child html-webpack-plugin for "index.html":
     1 asset
    Entrypoint undefined = index.html
    [2] (webpack)/buildin/global.js 472 bytes {0} [built]
    [3] (webpack)/buildin/module.js 497 bytes {0} [built]
        + 2 hidden modules
Child mini-css-extract-plugin node_modules/css-loader/index.js!node_modules/semantic-ui-css/semantic.min.css:
    Entrypoint mini-css-extract-plugin = *
       19 modules
Child mini-css-extract-plugin node_modules/css-loader/index.js!src/assets/custom.css:
    Entrypoint mini-css-extract-plugin = *
    [0] ./node_modules/css-loader!./src/assets/custom.css 340 bytes {0} [built]
        + 1 hidden module
Removing intermediate container 80266bf49d48
 ---> 32e96301af50
Step 5/13 : FROM node:alpine
 ---> a9a8b83644f7
Step 6/13 : EXPOSE 5000
 ---> Using cache
 ---> b42b168e21e9
Step 7/13 : ENV API_URL=http://localhost:80/api
 ---> Using cache
 ---> 835230a1ab04
Step 8/13 : ENV NODE_ENV=production
 ---> Using cache
 ---> 1fe641de5732
Step 9/13 : WORKDIR /home/node/
 ---> Using cache
 ---> 86ee56082e0f
Step 10/13 : COPY --from=build-frontend /home/node/dist/ dist/
 ---> 1254e38de345
Step 11/13 : RUN npm install -g serve &&     mkdir /home/node/logs &&     touch /home/node/logs/logs.txt &&     ln -s /home/node/logs/logs.txt /home/node/logs.txt &&     rm -f -r /var/cache/* /var/log/* /var/tmp/* /tmp/* &&     chown -R node:node .
 ---> Running in fad01f8bac8a
/usr/local/bin/serve -> /usr/local/lib/node_modules/serve/bin/serve.js
+ serve@11.1.0
added 78 packages from 39 contributors in 5.237s
Removing intermediate container fad01f8bac8a
 ---> 14e9ec3a49b3
Step 12/13 : USER node
 ---> Running in 230b97c32315
Removing intermediate container 230b97c32315
 ---> 4e88b33c4a0b
Step 13/13 : CMD serve -s -l 5000 dist
 ---> Running in 1c7ef9f76340
Removing intermediate container 1c7ef9f76340
 ---> ed7ccb33a76a
Successfully built ed7ccb33a76a
Successfully tagged frontend:3.5
$ docker images
REPOSITORY          TAG                 IMAGE ID            CREATED             SIZE
frontend            3.5                 ed7ccb33a76a        3 seconds ago       90.7MB
<none>              <none>              32e96301af50        13 seconds ago      258MB
frontend            3.4                 bee9682c31c1        2 hours ago         233MB
backend             3.4                 89c47c120de2        2 hours ago         131MB
backend             3.5                 89c47c120de2        2 hours ago         131MB
frontend            3.3                 643250857328        3 hours ago         306MB
backend             3.3                 e6f4e1a5a667        3 hours ago         204MB
yle-dl              latest              d6cfcab31922        7 hours ago         516MB
postgres            latest              53912975086f        21 hours ago        312MB
nginx               latest              98ebf73aba75        21 hours ago        109MB
node                slim                2523ec7bd8fd        23 hours ago        151MB
python              slim                63491ee411bb        5 days ago          179MB
redis               latest              598a6f110d01        6 days ago          118MB
node                alpine              a9a8b83644f7        2 weeks ago         78.8MB
$ 

