$ vi Dockerfile 
$ docker build -t centos7-ksh .
Sending build context to Docker daemon  17.41kB
Step 1/6 : FROM centos:7
7: Pulling from library/centos
8ba884070f61: Pull complete 
Digest: sha256:a799dd8a2ded4a83484bbae769d97655392b3f86533ceb7dd96bbac929809f3c
Status: Downloaded newer image for centos:7
 ---> 9f38484d220f
Step 2/6 : ENV container docker
 ---> Running in 5353ebe1b144
Removing intermediate container 5353ebe1b144
 ---> 06657178c7f0
Step 3/6 : RUN yum -y install ksh.x86_64 vim-enhanced.x86_64 && yum clean all
 ---> Running in dfbb06c0ac73
Loaded plugins: fastestmirror, ovl
Determining fastest mirrors
 * base: centos.mirror.far.fi
 * extras: centos.mirror.far.fi
 * updates: centos.mirror.far.fi
Resolving Dependencies
--> Running transaction check
---> Package ksh.x86_64 0:20120801-139.el7 will be installed
---> Package vim-enhanced.x86_64 2:7.4.160-6.el7_6 will be installed
--> Processing Dependency: vim-common = 2:7.4.160-6.el7_6 for package: 2:vim-enhanced-7.4.160-6.el7_6.x86_64
--> Processing Dependency: which for package: 2:vim-enhanced-7.4.160-6.el7_6.x86_64
--> Processing Dependency: perl(:MODULE_COMPAT_5.16.3) for package: 2:vim-enhanced-7.4.160-6.el7_6.x86_64
--> Processing Dependency: libperl.so()(64bit) for package: 2:vim-enhanced-7.4.160-6.el7_6.x86_64
--> Processing Dependency: libgpm.so.2()(64bit) for package: 2:vim-enhanced-7.4.160-6.el7_6.x86_64
--> Running transaction check
---> Package gpm-libs.x86_64 0:1.20.7-5.el7 will be installed
---> Package perl.x86_64 4:5.16.3-294.el7_6 will be installed
--> Processing Dependency: perl(Socket) >= 1.3 for package: 4:perl-5.16.3-294.el7_6.x86_64
--> Processing Dependency: perl(Scalar::Util) >= 1.10 for package: 4:perl-5.16.3-294.el7_6.x86_64
--> Processing Dependency: perl-macros for package: 4:perl-5.16.3-294.el7_6.x86_64
--> Processing Dependency: perl(threads::shared) for package: 4:perl-5.16.3-294.el7_6.x86_64
--> Processing Dependency: perl(threads) for package: 4:perl-5.16.3-294.el7_6.x86_64
--> Processing Dependency: perl(constant) for package: 4:perl-5.16.3-294.el7_6.x86_64
--> Processing Dependency: perl(Time::Local) for package: 4:perl-5.16.3-294.el7_6.x86_64
--> Processing Dependency: perl(Time::HiRes) for package: 4:perl-5.16.3-294.el7_6.x86_64
--> Processing Dependency: perl(Storable) for package: 4:perl-5.16.3-294.el7_6.x86_64
--> Processing Dependency: perl(Socket) for package: 4:perl-5.16.3-294.el7_6.x86_64
--> Processing Dependency: perl(Scalar::Util) for package: 4:perl-5.16.3-294.el7_6.x86_64
--> Processing Dependency: perl(Pod::Simple::XHTML) for package: 4:perl-5.16.3-294.el7_6.x86_64
--> Processing Dependency: perl(Pod::Simple::Search) for package: 4:perl-5.16.3-294.el7_6.x86_64
--> Processing Dependency: perl(Getopt::Long) for package: 4:perl-5.16.3-294.el7_6.x86_64
--> Processing Dependency: perl(Filter::Util::Call) for package: 4:perl-5.16.3-294.el7_6.x86_64
--> Processing Dependency: perl(File::Temp) for package: 4:perl-5.16.3-294.el7_6.x86_64
--> Processing Dependency: perl(File::Spec::Unix) for package: 4:perl-5.16.3-294.el7_6.x86_64
--> Processing Dependency: perl(File::Spec::Functions) for package: 4:perl-5.16.3-294.el7_6.x86_64
--> Processing Dependency: perl(File::Spec) for package: 4:perl-5.16.3-294.el7_6.x86_64
--> Processing Dependency: perl(File::Path) for package: 4:perl-5.16.3-294.el7_6.x86_64
--> Processing Dependency: perl(Exporter) for package: 4:perl-5.16.3-294.el7_6.x86_64
--> Processing Dependency: perl(Cwd) for package: 4:perl-5.16.3-294.el7_6.x86_64
--> Processing Dependency: perl(Carp) for package: 4:perl-5.16.3-294.el7_6.x86_64
---> Package perl-libs.x86_64 4:5.16.3-294.el7_6 will be installed
---> Package vim-common.x86_64 2:7.4.160-6.el7_6 will be installed
--> Processing Dependency: vim-filesystem for package: 2:vim-common-7.4.160-6.el7_6.x86_64
---> Package which.x86_64 0:2.20-7.el7 will be installed
--> Running transaction check
---> Package perl-Carp.noarch 0:1.26-244.el7 will be installed
---> Package perl-Exporter.noarch 0:5.68-3.el7 will be installed
---> Package perl-File-Path.noarch 0:2.09-2.el7 will be installed
---> Package perl-File-Temp.noarch 0:0.23.01-3.el7 will be installed
---> Package perl-Filter.x86_64 0:1.49-3.el7 will be installed
---> Package perl-Getopt-Long.noarch 0:2.40-3.el7 will be installed
--> Processing Dependency: perl(Pod::Usage) >= 1.14 for package: perl-Getopt-Long-2.40-3.el7.noarch
--> Processing Dependency: perl(Text::ParseWords) for package: perl-Getopt-Long-2.40-3.el7.noarch
---> Package perl-PathTools.x86_64 0:3.40-5.el7 will be installed
---> Package perl-Pod-Simple.noarch 1:3.28-4.el7 will be installed
--> Processing Dependency: perl(Pod::Escapes) >= 1.04 for package: 1:perl-Pod-Simple-3.28-4.el7.noarch
--> Processing Dependency: perl(Encode) for package: 1:perl-Pod-Simple-3.28-4.el7.noarch
---> Package perl-Scalar-List-Utils.x86_64 0:1.27-248.el7 will be installed
---> Package perl-Socket.x86_64 0:2.010-4.el7 will be installed
---> Package perl-Storable.x86_64 0:2.45-3.el7 will be installed
---> Package perl-Time-HiRes.x86_64 4:1.9725-3.el7 will be installed
---> Package perl-Time-Local.noarch 0:1.2300-2.el7 will be installed
---> Package perl-constant.noarch 0:1.27-2.el7 will be installed
---> Package perl-macros.x86_64 4:5.16.3-294.el7_6 will be installed
---> Package perl-threads.x86_64 0:1.87-4.el7 will be installed
---> Package perl-threads-shared.x86_64 0:1.43-6.el7 will be installed
---> Package vim-filesystem.x86_64 2:7.4.160-6.el7_6 will be installed
--> Running transaction check
---> Package perl-Encode.x86_64 0:2.51-7.el7 will be installed
---> Package perl-Pod-Escapes.noarch 1:1.04-294.el7_6 will be installed
---> Package perl-Pod-Usage.noarch 0:1.63-3.el7 will be installed
--> Processing Dependency: perl(Pod::Text) >= 3.15 for package: perl-Pod-Usage-1.63-3.el7.noarch
--> Processing Dependency: perl-Pod-Perldoc for package: perl-Pod-Usage-1.63-3.el7.noarch
---> Package perl-Text-ParseWords.noarch 0:3.29-4.el7 will be installed
--> Running transaction check
---> Package perl-Pod-Perldoc.noarch 0:3.20-4.el7 will be installed
--> Processing Dependency: perl(parent) for package: perl-Pod-Perldoc-3.20-4.el7.noarch
--> Processing Dependency: perl(HTTP::Tiny) for package: perl-Pod-Perldoc-3.20-4.el7.noarch
--> Processing Dependency: groff-base for package: perl-Pod-Perldoc-3.20-4.el7.noarch
---> Package perl-podlators.noarch 0:2.5.1-3.el7 will be installed
--> Running transaction check
---> Package groff-base.x86_64 0:1.22.2-8.el7 will be installed
---> Package perl-HTTP-Tiny.noarch 0:0.033-3.el7 will be installed
---> Package perl-parent.noarch 1:0.225-244.el7 will be installed
--> Finished Dependency Resolution

Dependencies Resolved

================================================================================
 Package                    Arch       Version                Repository   Size
================================================================================
Installing:
 ksh                        x86_64     20120801-139.el7       base        885 k
 vim-enhanced               x86_64     2:7.4.160-6.el7_6      updates     1.0 M
Installing for dependencies:
 gpm-libs                   x86_64     1.20.7-5.el7           base         32 k
 groff-base                 x86_64     1.22.2-8.el7           base        942 k
 perl                       x86_64     4:5.16.3-294.el7_6     updates     8.0 M
 perl-Carp                  noarch     1.26-244.el7           base         19 k
 perl-Encode                x86_64     2.51-7.el7             base        1.5 M
 perl-Exporter              noarch     5.68-3.el7             base         28 k
 perl-File-Path             noarch     2.09-2.el7             base         26 k
 perl-File-Temp             noarch     0.23.01-3.el7          base         56 k
 perl-Filter                x86_64     1.49-3.el7             base         76 k
 perl-Getopt-Long           noarch     2.40-3.el7             base         56 k
 perl-HTTP-Tiny             noarch     0.033-3.el7            base         38 k
 perl-PathTools             x86_64     3.40-5.el7             base         82 k
 perl-Pod-Escapes           noarch     1:1.04-294.el7_6       updates      51 k
 perl-Pod-Perldoc           noarch     3.20-4.el7             base         87 k
 perl-Pod-Simple            noarch     1:3.28-4.el7           base        216 k
 perl-Pod-Usage             noarch     1.63-3.el7             base         27 k
 perl-Scalar-List-Utils     x86_64     1.27-248.el7           base         36 k
 perl-Socket                x86_64     2.010-4.el7            base         49 k
 perl-Storable              x86_64     2.45-3.el7             base         77 k
 perl-Text-ParseWords       noarch     3.29-4.el7             base         14 k
 perl-Time-HiRes            x86_64     4:1.9725-3.el7         base         45 k
 perl-Time-Local            noarch     1.2300-2.el7           base         24 k
 perl-constant              noarch     1.27-2.el7             base         19 k
 perl-libs                  x86_64     4:5.16.3-294.el7_6     updates     688 k
 perl-macros                x86_64     4:5.16.3-294.el7_6     updates      44 k
 perl-parent                noarch     1:0.225-244.el7        base         12 k
 perl-podlators             noarch     2.5.1-3.el7            base        112 k
 perl-threads               x86_64     1.87-4.el7             base         49 k
 perl-threads-shared        x86_64     1.43-6.el7             base         39 k
 vim-common                 x86_64     2:7.4.160-6.el7_6      updates     5.9 M
 vim-filesystem             x86_64     2:7.4.160-6.el7_6      updates      10 k
 which                      x86_64     2.20-7.el7             base         41 k

Transaction Summary
================================================================================
Install  2 Packages (+32 Dependent packages)

Total download size: 20 M
Installed size: 66 M
Downloading packages:
warning: /var/cache/yum/x86_64/7/base/packages/gpm-libs-1.20.7-5.el7.x86_64.rpm: Header V3 RSA/SHA256 Signature, key ID f4a80eb5: NOKEY
Public key for gpm-libs-1.20.7-5.el7.x86_64.rpm is not installed
Public key for perl-Pod-Escapes-1.04-294.el7_6.noarch.rpm is not installed
--------------------------------------------------------------------------------
Total                                              8.9 MB/s |  20 MB  00:02     
Retrieving key from file:///etc/pki/rpm-gpg/RPM-GPG-KEY-CentOS-7
Importing GPG key 0xF4A80EB5:
 Userid     : "CentOS-7 Key (CentOS 7 Official Signing Key) <security@centos.org>"
 Fingerprint: 6341 ab27 53d7 8a78 a7c2 7bb1 24c6 a8a7 f4a8 0eb5
 Package    : centos-release-7-6.1810.2.el7.centos.x86_64 (@CentOS)
 From       : /etc/pki/rpm-gpg/RPM-GPG-KEY-CentOS-7
Running transaction check
Running transaction test
Transaction test succeeded
Running transaction
  Installing : gpm-libs-1.20.7-5.el7.x86_64                                1/34 
  Installing : groff-base-1.22.2-8.el7.x86_64                              2/34 
  Installing : 1:perl-parent-0.225-244.el7.noarch                          3/34 
  Installing : perl-HTTP-Tiny-0.033-3.el7.noarch                           4/34 
  Installing : perl-podlators-2.5.1-3.el7.noarch                           5/34 
  Installing : perl-Pod-Perldoc-3.20-4.el7.noarch                          6/34 
  Installing : 1:perl-Pod-Escapes-1.04-294.el7_6.noarch                    7/34 
  Installing : perl-Encode-2.51-7.el7.x86_64                               8/34 
  Installing : perl-Text-ParseWords-3.29-4.el7.noarch                      9/34 
  Installing : perl-Pod-Usage-1.63-3.el7.noarch                           10/34 
  Installing : 4:perl-libs-5.16.3-294.el7_6.x86_64                        11/34 
  Installing : 4:perl-macros-5.16.3-294.el7_6.x86_64                      12/34 
  Installing : perl-Storable-2.45-3.el7.x86_64                            13/34 
  Installing : perl-Exporter-5.68-3.el7.noarch                            14/34 
  Installing : perl-constant-1.27-2.el7.noarch                            15/34 
  Installing : perl-Time-Local-1.2300-2.el7.noarch                        16/34 
  Installing : perl-Socket-2.010-4.el7.x86_64                             17/34 
  Installing : perl-Carp-1.26-244.el7.noarch                              18/34 
  Installing : 4:perl-Time-HiRes-1.9725-3.el7.x86_64                      19/34 
  Installing : perl-PathTools-3.40-5.el7.x86_64                           20/34 
  Installing : perl-Scalar-List-Utils-1.27-248.el7.x86_64                 21/34 
  Installing : 1:perl-Pod-Simple-3.28-4.el7.noarch                        22/34 
  Installing : perl-File-Temp-0.23.01-3.el7.noarch                        23/34 
  Installing : perl-File-Path-2.09-2.el7.noarch                           24/34 
  Installing : perl-threads-shared-1.43-6.el7.x86_64                      25/34 
  Installing : perl-threads-1.87-4.el7.x86_64                             26/34 
  Installing : perl-Filter-1.49-3.el7.x86_64                              27/34 
  Installing : perl-Getopt-Long-2.40-3.el7.noarch                         28/34 
  Installing : 4:perl-5.16.3-294.el7_6.x86_64                             29/34 
  Installing : which-2.20-7.el7.x86_64                                    30/34 
install-info: No such file or directory for /usr/share/info/which.info.gz
  Installing : 2:vim-filesystem-7.4.160-6.el7_6.x86_64                    31/34 
  Installing : 2:vim-common-7.4.160-6.el7_6.x86_64                        32/34 
  Installing : 2:vim-enhanced-7.4.160-6.el7_6.x86_64                      33/34 
  Installing : ksh-20120801-139.el7.x86_64                                34/34 
  Verifying  : perl-HTTP-Tiny-0.033-3.el7.noarch                           1/34 
  Verifying  : perl-threads-shared-1.43-6.el7.x86_64                       2/34 
  Verifying  : perl-Storable-2.45-3.el7.x86_64                             3/34 
  Verifying  : 1:perl-Pod-Escapes-1.04-294.el7_6.noarch                    4/34 
  Verifying  : perl-Exporter-5.68-3.el7.noarch                             5/34 
  Verifying  : perl-constant-1.27-2.el7.noarch                             6/34 
  Verifying  : perl-PathTools-3.40-5.el7.x86_64                            7/34 
  Verifying  : 2:vim-filesystem-7.4.160-6.el7_6.x86_64                     8/34 
  Verifying  : 1:perl-parent-0.225-244.el7.noarch                          9/34 
  Verifying  : which-2.20-7.el7.x86_64                                    10/34 
  Verifying  : 4:perl-libs-5.16.3-294.el7_6.x86_64                        11/34 
  Verifying  : groff-base-1.22.2-8.el7.x86_64                             12/34 
  Verifying  : perl-File-Temp-0.23.01-3.el7.noarch                        13/34 
  Verifying  : 1:perl-Pod-Simple-3.28-4.el7.noarch                        14/34 
  Verifying  : perl-Time-Local-1.2300-2.el7.noarch                        15/34 
  Verifying  : gpm-libs-1.20.7-5.el7.x86_64                               16/34 
  Verifying  : 4:perl-macros-5.16.3-294.el7_6.x86_64                      17/34 
  Verifying  : perl-Socket-2.010-4.el7.x86_64                             18/34 
  Verifying  : perl-Carp-1.26-244.el7.noarch                              19/34 
  Verifying  : ksh-20120801-139.el7.x86_64                                20/34 
  Verifying  : 4:perl-Time-HiRes-1.9725-3.el7.x86_64                      21/34 
  Verifying  : perl-Scalar-List-Utils-1.27-248.el7.x86_64                 22/34 
  Verifying  : 2:vim-common-7.4.160-6.el7_6.x86_64                        23/34 
  Verifying  : perl-Pod-Usage-1.63-3.el7.noarch                           24/34 
  Verifying  : perl-Encode-2.51-7.el7.x86_64                              25/34 
  Verifying  : 2:vim-enhanced-7.4.160-6.el7_6.x86_64                      26/34 
  Verifying  : perl-Pod-Perldoc-3.20-4.el7.noarch                         27/34 
  Verifying  : perl-podlators-2.5.1-3.el7.noarch                          28/34 
  Verifying  : perl-File-Path-2.09-2.el7.noarch                           29/34 
  Verifying  : perl-threads-1.87-4.el7.x86_64                             30/34 
  Verifying  : perl-Filter-1.49-3.el7.x86_64                              31/34 
  Verifying  : perl-Getopt-Long-2.40-3.el7.noarch                         32/34 
  Verifying  : perl-Text-ParseWords-3.29-4.el7.noarch                     33/34 
  Verifying  : 4:perl-5.16.3-294.el7_6.x86_64                             34/34 

Installed:
  ksh.x86_64 0:20120801-139.el7      vim-enhanced.x86_64 2:7.4.160-6.el7_6     

Dependency Installed:
  gpm-libs.x86_64 0:1.20.7-5.el7                                                
  groff-base.x86_64 0:1.22.2-8.el7                                              
  perl.x86_64 4:5.16.3-294.el7_6                                                
  perl-Carp.noarch 0:1.26-244.el7                                               
  perl-Encode.x86_64 0:2.51-7.el7                                               
  perl-Exporter.noarch 0:5.68-3.el7                                             
  perl-File-Path.noarch 0:2.09-2.el7                                            
  perl-File-Temp.noarch 0:0.23.01-3.el7                                         
  perl-Filter.x86_64 0:1.49-3.el7                                               
  perl-Getopt-Long.noarch 0:2.40-3.el7                                          
  perl-HTTP-Tiny.noarch 0:0.033-3.el7                                           
  perl-PathTools.x86_64 0:3.40-5.el7                                            
  perl-Pod-Escapes.noarch 1:1.04-294.el7_6                                      
  perl-Pod-Perldoc.noarch 0:3.20-4.el7                                          
  perl-Pod-Simple.noarch 1:3.28-4.el7                                           
  perl-Pod-Usage.noarch 0:1.63-3.el7                                            
  perl-Scalar-List-Utils.x86_64 0:1.27-248.el7                                  
  perl-Socket.x86_64 0:2.010-4.el7                                              
  perl-Storable.x86_64 0:2.45-3.el7                                             
  perl-Text-ParseWords.noarch 0:3.29-4.el7                                      
  perl-Time-HiRes.x86_64 4:1.9725-3.el7                                         
  perl-Time-Local.noarch 0:1.2300-2.el7                                         
  perl-constant.noarch 0:1.27-2.el7                                             
  perl-libs.x86_64 4:5.16.3-294.el7_6                                           
  perl-macros.x86_64 4:5.16.3-294.el7_6                                         
  perl-parent.noarch 1:0.225-244.el7                                            
  perl-podlators.noarch 0:2.5.1-3.el7                                           
  perl-threads.x86_64 0:1.87-4.el7                                              
  perl-threads-shared.x86_64 0:1.43-6.el7                                       
  vim-common.x86_64 2:7.4.160-6.el7_6                                           
  vim-filesystem.x86_64 2:7.4.160-6.el7_6                                       
  which.x86_64 0:2.20-7.el7                                                     

Complete!
Loaded plugins: fastestmirror, ovl
Cleaning repos: base extras updates
Cleaning up list of fastest mirrors
Removing intermediate container dfbb06c0ac73
 ---> af0750921014
Step 4/6 : RUN (cd /lib/systemd/system/sysinit.target.wants/; for i in *; do [ $i == systemd-tmpfiles-setup.service ] || rm -f $i; done); rm -f /lib/systemd/system/multi-user.target.wants/*;rm -f /etc/systemd/system/*.wants/*;rm -f /lib/systemd/system/local-fs.target.wants/*; rm -f /lib/systemd/system/sockets.target.wants/*udev*; rm -f /lib/systemd/system/sockets.target.wants/*initctl*; rm -f /lib/systemd/system/basic.target.wants/*;rm -f /lib/systemd/system/anaconda.target.wants/*;
 ---> Running in bf34c257598d
Removing intermediate container bf34c257598d
 ---> 2a2783942565
Step 5/6 : VOLUME [ "/sys/fs/cgroup" ]
 ---> Running in 3c11b6311991
Removing intermediate container 3c11b6311991
 ---> 7166a2aa8e70
Step 6/6 : CMD ["/usr/sbin/init"]
 ---> Running in 02a93775379c
Removing intermediate container 02a93775379c
 ---> d5f97876e6af
Successfully built d5f97876e6af
Successfully tagged centos7-ksh:latest
$ docker run -it -v /sys/fs/cgroup:/sys/fs/cgroup:ro --privileged=true centos7-ksh

