$ docker run -d -p 8080:80 devopsdockeruh/ports_exercise
Unable to find image 'devopsdockeruh/ports_exercise:latest' locally
latest: Pulling from devopsdockeruh/ports_exercise
cd784148e348: Pull complete 
9abca35fefbf: Pull complete 
7fc670963d22: Pull complete 
893040f9bc16: Pull complete 
b0ae6401e570: Pull complete 
Digest: sha256:2ff93dd0c744aee7a8f00bc9558d09fd6279493da0d01769fe600f78fb4593f2
Status: Downloaded newer image for devopsdockeruh/ports_exercise:latest
efd43f1e6eb246319624cebe13acd9a05b89a6c88425f8e21abf151c87760792
[tpakarin@centos7 1.9]$ wget -nv -S -O- http://localhost:8080/
  HTTP/1.1 200 OK
  X-Powered-By: Express
  Content-Type: text/html; charset=utf-8
  Content-Length: 28
  ETag: W/"1c-FlnMl0kiaW1T7+FukN6N5hGQtKM"
  Date: Sat, 06 Jul 2019 18:48:07 GMT
  Connection: keep-alive
Ports configured correctly!!2019-07-06 21:48:07 URL:http://localhost:8080/ [28/28] -> "-" [1]
$ docker kill efd43f1e6eb246319624cebe13acd9a05b89a6c88425f8e21abf151c87760792
efd43f1e6eb246319624cebe13acd9a05b89a6c88425f8e21abf151c87760792
$ 
