$ touch logs.txt
$ docker run -v $(pwd)/logs.txt:/usr/app/logs.txt devopsdockeruh/first_volume_exercise
Unable to find image 'devopsdockeruh/first_volume_exercise:latest' locally
latest: Pulling from devopsdockeruh/first_volume_exercise
741437d97401: Pull complete 
34d8874714d7: Pull complete 
0a108aa26679: Pull complete 
7f0334c36886: Pull complete 
65c95cb8b3be: Pull complete 
a36b708560f8: Pull complete 
4090f912e6c7: Pull complete 
ce5fe2607c2e: Pull complete 
9400f5f657d6: Pull complete 
3ccbeb634bca: Pull complete 
Digest: sha256:0fe91ae116a340214cf013541bd311da7196d34a468e9daf74a8d0fdd3419c78
Status: Downloaded newer image for devopsdockeruh/first_volume_exercise:latest
(node:1) ExperimentalWarning: The fs.promises API is experimental
Wrote to file /usr/app/logs.txt
Wrote to file /usr/app/logs.txt
Wrote to file /usr/app/logs.txt
Wrote to file /usr/app/logs.txt
Wrote to file /usr/app/logs.txt
Wrote to file /usr/app/logs.txt
Wrote to file /usr/app/logs.txt
Wrote to file /usr/app/logs.txt
^CClosing file
[tpakarin@centos7 1.8]$ cat logs.txt 
Sat, 06 Jul 2019 17:40:05 GMT
Sat, 06 Jul 2019 17:40:08 GMT
Sat, 06 Jul 2019 17:40:11 GMT
Sat, 06 Jul 2019 17:40:14 GMT
Secret message is:
"Volume bind mount is easy"
Sat, 06 Jul 2019 17:40:20 GMT
Sat, 06 Jul 2019 17:40:23 GMT
Sat, 06 Jul 2019 17:40:26 GMT
$ docker ps -a
CONTAINER ID        IMAGE                                  COMMAND             CREATED              STATUS                          PORTS               NAMES
99d77efe6dba        devopsdockeruh/first_volume_exercise   "node index"        About a minute ago   Exited (0) About a minute ago                       pensive_hoover
$ 
