$ docker-compose up  --build
Creating network "28_default" with the default driver
Pulling db (postgres:)...
latest: Pulling from library/postgres
fc7181108d40: Pull complete
81cfa12d39e9: Pull complete
793d305ca761: Pull complete
d1465f4e119c: Pull complete
32ecb3afd85d: Pull complete
e79a18e1d8ce: Pull complete
c9527f80b877: Pull complete
ab10bee9b69f: Pull complete
09a75880a8c5: Pull complete
18ea49310c65: Pull complete
de2df000424a: Pull complete
607cd2a5b061: Pull complete
ee8f05b2c352: Pull complete
221f9382c4d3: Pull complete
Digest: sha256:615f97884cb9cdd9226bd6c5cf4d8a62cc1255c36c1df0b5e3571d1803747c9c
Status: Downloaded newer image for postgres:latest
Pulling redis (redis:)...
latest: Pulling from library/redis
f5d23c7fed46: Pull complete
a4a5c04dafc1: Pull complete
605bafc84bc9: Pull complete
f07a4e35cd96: Pull complete
17944e5e3eb7: Pull complete
6f875a8605e0: Pull complete
Digest: sha256:8888f6cd2509062a377e903e17777b4a6d59c92769f6807f034fa345da9eebcf
Status: Downloaded newer image for redis:latest
Building backend
Step 1/7 : FROM node
latest: Pulling from library/node
a4d8138d0f6b: Pull complete
dbdc36973392: Pull complete
f59d6d019dd5: Pull complete
aaef3e026258: Pull complete
6e454d3b6c28: Pull complete
c717a7c205aa: Pull complete
e8566b4564fe: Pull complete
04239395be03: Pull complete
27ace7d95321: Pull complete
Digest: sha256:6e64f63a663a368cc81b28ed3c3e29e6b3784c04f0128be5aaa659157ed4d231
Status: Downloaded newer image for node:latest
 ---> 7c412a558705
Step 2/7 : EXPOSE 8000
 ---> Running in 58010559b48b
Removing intermediate container 58010559b48b
 ---> 7d538c83ebb7
Step 3/7 : ENV FRONT_URL=http://nginx:80
 ---> Running in 7985c0bd28fc
Removing intermediate container 7985c0bd28fc
 ---> a7f8fafa7f0e
Step 4/7 : WORKDIR /home/node/
 ---> Running in b3fb5e02573d
Removing intermediate container b3fb5e02573d
 ---> e4a14bef00d8
Step 5/7 : RUN wget https://github.com/docker-hy/backend-example-docker/archive/master.zip &&     unzip master.zip &&     mv -f backend-example-docker-master/* . &&     rm -fr master.zip backend-example-docker-master &&     mkdir logs &&     mv -f logs.txt logs/ &&     ln -s /home/node/logs/logs.txt /home/node/logs.txt &&     chown -R node:node .
 ---> Running in 76b3f641807e
--2019-07-17 15:31:58--  https://github.com/docker-hy/backend-example-docker/archive/master.zip
Resolving github.com (github.com)... 140.82.118.3
Connecting to github.com (github.com)|140.82.118.3|:443... connected.
HTTP request sent, awaiting response... 302 Found
Location: https://codeload.github.com/docker-hy/backend-example-docker/zip/master [following]
--2019-07-17 15:31:58--  https://codeload.github.com/docker-hy/backend-example-docker/zip/master
Resolving codeload.github.com (codeload.github.com)... 140.82.114.9
Connecting to codeload.github.com (codeload.github.com)|140.82.114.9|:443... connected.
HTTP request sent, awaiting response... 200 OK
Length: unspecified [application/zip]
Saving to: 'master.zip'

     0K .......... .......... .......... .......... ..........  207K
    50K ...                                                    32.4M=0.2s

2019-07-17 15:31:59 (219 KB/s) - 'master.zip' saved [54304]

Archive:  master.zip
fb33e1fca953fabd43c429e5b3f53d3a1e17baff
   creating: backend-example-docker-master/
  inflating: backend-example-docker-master/.gitignore  
  inflating: backend-example-docker-master/README.md  
  inflating: backend-example-docker-master/config.js  
  inflating: backend-example-docker-master/index.js  
 extracting: backend-example-docker-master/logs.txt  
  inflating: backend-example-docker-master/package-lock.json  
  inflating: backend-example-docker-master/package.json  
   creating: backend-example-docker-master/server/
   creating: backend-example-docker-master/server/controllers/
  inflating: backend-example-docker-master/server/controllers/messageController.js  
   creating: backend-example-docker-master/server/database/
  inflating: backend-example-docker-master/server/database/connection.js  
  inflating: backend-example-docker-master/server/index.js  
   creating: backend-example-docker-master/server/models/
  inflating: backend-example-docker-master/server/models/message.js  
  inflating: backend-example-docker-master/server/redis.js  
  inflating: backend-example-docker-master/server/routes.js  
Removing intermediate container 76b3f641807e
 ---> 043c73cdb34a
Step 6/7 : RUN npm install
 ---> Running in e51e120b9e6c

> nodemon@1.18.9 postinstall /home/node/node_modules/nodemon
> node bin/postinstall || exit 0

Love nodemon? You can now support the project via the open collective:
 > https://opencollective.com/nodemon/donate

npm WARN optional SKIPPING OPTIONAL DEPENDENCY: fsevents@1.2.4 (node_modules/fsevents):
npm WARN notsup SKIPPING OPTIONAL DEPENDENCY: Unsupported platform for fsevents@1.2.4: wanted {"os":"darwin","arch":"any"} (current: {"os":"linux","arch":"x64"})

added 606 packages from 458 contributors and audited 5317 packages in 12.704s
found 272 vulnerabilities (1 moderate, 271 high)
  run `npm audit fix` to fix them, or `npm audit` for details
Removing intermediate container e51e120b9e6c
 ---> 219f6532051d
Step 7/7 : CMD npm start
 ---> Running in 958e2dd6c2a7
Removing intermediate container 958e2dd6c2a7
 ---> 735b8a9d04a6

Successfully built 735b8a9d04a6
Successfully tagged 28_backend:latest
Building frontend
Step 1/7 : FROM node
 ---> 7c412a558705
Step 2/7 : EXPOSE 5000
 ---> Running in 182219200d20
Removing intermediate container 182219200d20
 ---> bd0aebee1b15
Step 3/7 : ENV API_URL=http://localhost:80/api
 ---> Running in 9b323a2810e5
Removing intermediate container 9b323a2810e5
 ---> bbd12d1d0c31
Step 4/7 : WORKDIR /home/node/
 ---> Running in 83f5650a4ed1
Removing intermediate container 83f5650a4ed1
 ---> 8549dbb4e9a5
Step 5/7 : RUN wget https://github.com/docker-hy/frontend-example-docker/archive/master.zip &&     unzip master.zip &&     mv -f frontend-example-docker-master/* . &&     rm -fr master.zip frontend-example-docker-master &&     mkdir logs &&     touch /home/node/logs/logs.txt &&     ln -s /home/node/logs/logs.txt /home/node/logs.txt &&     chown -R node:node .
 ---> Running in 7f511e947b6e
--2019-07-17 15:32:17--  https://github.com/docker-hy/frontend-example-docker/archive/master.zip
Resolving github.com (github.com)... 140.82.118.3
Connecting to github.com (github.com)|140.82.118.3|:443... connected.
HTTP request sent, awaiting response... 302 Found
Location: https://codeload.github.com/docker-hy/frontend-example-docker/zip/master [following]
--2019-07-17 15:32:17--  https://codeload.github.com/docker-hy/frontend-example-docker/zip/master
Resolving codeload.github.com (codeload.github.com)... 140.82.114.9
Connecting to codeload.github.com (codeload.github.com)|140.82.114.9|:443... connected.
HTTP request sent, awaiting response... 200 OK
Length: unspecified [application/zip]
Saving to: 'master.zip'

     0K .......... .......... .......... .......... ..........  209K
    50K .......... .......... .......... .......... ..........  424K
   100K .                                                      31.8M=0.4s

2019-07-17 15:32:18 (285 KB/s) - 'master.zip' saved [104069]

Archive:  master.zip
c7fbf423d5ad397669cec1f0d8471df44e96fe9b
   creating: frontend-example-docker-master/
  inflating: frontend-example-docker-master/.gitignore  
  inflating: frontend-example-docker-master/README.md  
  inflating: frontend-example-docker-master/config.js  
  inflating: frontend-example-docker-master/package-lock.json  
  inflating: frontend-example-docker-master/package.json  
   creating: frontend-example-docker-master/src/
   creating: frontend-example-docker-master/src/assets/
  inflating: frontend-example-docker-master/src/assets/custom.css  
  inflating: frontend-example-docker-master/src/assets/toscalogo_black.svg  
  inflating: frontend-example-docker-master/src/assets/toscalogo_color.svg  
  inflating: frontend-example-docker-master/src/assets/toscalogo_grayscale.svg  
  inflating: frontend-example-docker-master/src/assets/toscalogo_white.svg  
   creating: frontend-example-docker-master/src/components/
  inflating: frontend-example-docker-master/src/components/App.js  
   creating: frontend-example-docker-master/src/components/ExercisesList/
  inflating: frontend-example-docker-master/src/components/ExercisesList/ExerciseAmIRunning.js  
  inflating: frontend-example-docker-master/src/components/ExercisesList/ExerciseBackendConnection.js  
  inflating: frontend-example-docker-master/src/components/ExercisesList/ExerciseDBConnection.js  
  inflating: frontend-example-docker-master/src/components/ExercisesList/ExerciseNginxSetup.js  
  inflating: frontend-example-docker-master/src/components/ExercisesList/ExerciseRedisSetup.js  
  inflating: frontend-example-docker-master/src/components/ExercisesList/index.js  
  inflating: frontend-example-docker-master/src/components/Footer.js  
  inflating: frontend-example-docker-master/src/components/NavBar.js  
  inflating: frontend-example-docker-master/src/components/OnlyView.js  
  inflating: frontend-example-docker-master/src/components/Router.js  
  inflating: frontend-example-docker-master/src/index.js  
   creating: frontend-example-docker-master/src/util/
  inflating: frontend-example-docker-master/src/util/apiConnection.js  
  inflating: frontend-example-docker-master/src/util/common.js  
   creating: frontend-example-docker-master/src/util/redux/
  inflating: frontend-example-docker-master/src/util/redux/index.js  
  inflating: frontend-example-docker-master/src/util/redux/messageReducer.js  
  inflating: frontend-example-docker-master/src/util/redux/simpleReducer.js  
  inflating: frontend-example-docker-master/src/util/store.js  
   creating: frontend-example-docker-master/util/
  inflating: frontend-example-docker-master/util/common.js  
  inflating: frontend-example-docker-master/webpack.config.js  
Removing intermediate container 7f511e947b6e
 ---> 9177040f7ad0
Step 6/7 : RUN npm install
 ---> Running in 283268dfa106
npm WARN optional SKIPPING OPTIONAL DEPENDENCY: fsevents@1.2.7 (node_modules/fsevents):
npm WARN notsup SKIPPING OPTIONAL DEPENDENCY: Unsupported platform for fsevents@1.2.7: wanted {"os":"darwin","arch":"any"} (current: {"os":"linux","arch":"x64"})

added 1029 packages from 415 contributors and audited 11636 packages in 22.74s
found 311 vulnerabilities (4 moderate, 307 high)
  run `npm audit fix` to fix them, or `npm audit` for details
Removing intermediate container 283268dfa106
 ---> 67218120c113
Step 7/7 : CMD npm start
 ---> Running in 591ace738442
Removing intermediate container 591ace738442
 ---> d3c16dc0e4eb

Successfully built d3c16dc0e4eb
Successfully tagged 28_frontend:latest
Pulling nginx (nginx:)...
latest: Pulling from library/nginx
fc7181108d40: Already exists
d2e987ca2267: Pull complete
0b760b431b11: Pull complete
Digest: sha256:48cbeee0cb0a3b5e885e36222f969e0a2f41819a68e07aeb6631ca7cb356fed1
Status: Downloaded newer image for nginx:latest
Creating redis    ... done
Creating db       ... done
Creating frontend ... done
Creating backend  ... done
Creating nginx    ... done
Attaching to redis, db, frontend, backend, nginx
redis       | 1:C 17 Jul 2019 15:32:58.720 # oO0OoO0OoO0Oo Redis is starting oO0OoO0OoO0Oo
redis       | 1:C 17 Jul 2019 15:32:58.720 # Redis version=5.0.5, bits=64, commit=00000000, modified=0, pid=1, just started
redis       | 1:C 17 Jul 2019 15:32:58.720 # Warning: no config file specified, using the default config. In order to specify a config file use redis-server /path/to/redis.conf
redis       | 1:M 17 Jul 2019 15:32:58.722 * Running mode=standalone, port=6379.
redis       | 1:M 17 Jul 2019 15:32:58.722 # WARNING: The TCP backlog setting of 511 cannot be enforced because /proc/sys/net/core/somaxconn is set to the lower value of 128.
redis       | 1:M 17 Jul 2019 15:32:58.722 # Server initialized
redis       | 1:M 17 Jul 2019 15:32:58.722 # WARNING overcommit_memory is set to 0! Background save may fail under low memory condition. To fix this issue add 'vm.overcommit_memory = 1' to /etc/sysctl.conf and then reboot or run the command 'sysctl vm.overcommit_memory=1' for this to take effect.
redis       | 1:M 17 Jul 2019 15:32:58.722 # WARNING you have Transparent Huge Pages (THP) support enabled in your kernel. This will create latency and memory usage issues with Redis. To fix this issue run the command 'echo never > /sys/kernel/mm/transparent_hugepage/enabled' as root, and add it to your /etc/rc.local in order to retain the setting after a reboot. Redis must be restarted after THP is disabled.
redis       | 1:M 17 Jul 2019 15:32:58.722 * Ready to accept connections
db          | The files belonging to this database system will be owned by user "postgres".
db          | This user must also own the server process.
db          | 
db          | The database cluster will be initialized with locale "en_US.utf8".
db          | The default database encoding has accordingly been set to "UTF8".
db          | The default text search configuration will be set to "english".
db          | 
db          | Data page checksums are disabled.
db          | 
db          | fixing permissions on existing directory /var/lib/postgresql/data ... ok
db          | creating subdirectories ... ok
db          | selecting default max_connections ... 100
db          | selecting default shared_buffers ... 128MB
db          | selecting default timezone ... Etc/UTC
db          | selecting dynamic shared memory implementation ... posix
db          | creating configuration files ... ok
db          | running bootstrap script ... ok
db          | performing post-bootstrap initialization ... ok
frontend    | 
frontend    | > frontend-example-docker@1.0.0 start /home/node
frontend    | > webpack --mode production && serve -s -l 5000 dist
frontend    | 
backend     | 
backend     | > backend-example-docker@1.0.0 start /home/node
backend     | > cross-env NODE_ENV=production node index.js
backend     | 
backend     | Browserslist: caniuse-lite is outdated. Please run next command `npm update caniuse-lite browserslist`
db          | syncing data to disk ... ok
db          | 
db          | Success. You can now start the database server using:
db          | 
db          |     pg_ctl -D /var/lib/postgresql/data -l logfile start
db          | 
db          | 
db          | WARNING: enabling "trust" authentication for local connections
db          | You can change this by editing pg_hba.conf or using the option -A, or
db          | --auth-local and --auth-host, the next time you run initdb.
db          | waiting for server to start....2019-07-17 15:33:00.856 UTC [42] LOG:  listening on Unix socket "/var/run/postgresql/.s.PGSQL.5432"
db          | 2019-07-17 15:33:00.887 UTC [43] LOG:  database system was shut down at 2019-07-17 15:33:00 UTC
db          | 2019-07-17 15:33:00.891 UTC [42] LOG:  database system is ready to accept connections
db          |  done
db          | server started
db          | 
db          | /usr/local/bin/docker-entrypoint.sh: ignoring /docker-entrypoint-initdb.d/*
db          | 
db          | waiting for server to shut down....2019-07-17 15:33:00.941 UTC [42] LOG:  received fast shutdown request
db          | 2019-07-17 15:33:00.943 UTC [42] LOG:  aborting any active transactions
db          | 2019-07-17 15:33:00.947 UTC [42] LOG:  background worker "logical replication launcher" (PID 49) exited with exit code 1
db          | 2019-07-17 15:33:00.949 UTC [44] LOG:  shutting down
db          | 2019-07-17 15:33:00.977 UTC [42] LOG:  database system is shut down
db          |  done
db          | server stopped
db          | 
db          | PostgreSQL init process complete; ready for start up.
db          | 
db          | 2019-07-17 15:33:01.084 UTC [1] LOG:  listening on IPv4 address "0.0.0.0", port 5432
db          | 2019-07-17 15:33:01.084 UTC [1] LOG:  listening on IPv6 address "::", port 5432
db          | 2019-07-17 15:33:01.087 UTC [1] LOG:  listening on Unix socket "/var/run/postgresql/.s.PGSQL.5432"
db          | 2019-07-17 15:33:01.102 UTC [51] LOG:  database system was shut down at 2019-07-17 15:33:00 UTC
db          | 2019-07-17 15:33:01.108 UTC [1] LOG:  database system is ready to accept connections
frontend    | Browserslist: caniuse-lite is outdated. Please run next command `npm update caniuse-lite browserslist`
backend     | Wed, 17 Jul 2019 15:33:01 GMT sequelize deprecated String based operators are now deprecated. Please use Symbol based operators for better security, read more at http://docs.sequelizejs.com/manual/tutorial/querying.html#operators at node_modules/sequelize/lib/sequelize.js:242:13
backend     | Testing database connection
backend     | Redis connection, initating..
backend     | Trying to set cache
backend     | Cache set successfully
backend     | Started on port 8000
backend     | Executing (default): SELECT 1+1 AS result
backend     | Connection ok, syncing database with model.
backend     | Executing (default): CREATE TABLE IF NOT EXISTS "messages" ("id"   SERIAL , "body" VARCHAR(255), "createdAt" TIMESTAMP WITH TIME ZONE NOT NULL, "updatedAt" TIMESTAMP WITH TIME ZONE NOT NULL, PRIMARY KEY ("id"));
backend     | Executing (default): SELECT i.relname AS name, ix.indisprimary AS primary, ix.indisunique AS unique, ix.indkey AS indkey, array_agg(a.attnum) as column_indexes, array_agg(a.attname) AS column_names, pg_get_indexdef(ix.indexrelid) AS definition FROM pg_class t, pg_class i, pg_index ix, pg_attribute a WHERE t.oid = ix.indrelid AND i.oid = ix.indexrelid AND a.attrelid = t.oid AND t.relkind = 'r' and t.relname = 'messages' GROUP BY i.relname, ix.indexrelid, ix.indisprimary, ix.indisunique, ix.indkey ORDER BY i.relname;
backend     | Database connection established!
frontend    | Hash: e39f652528d0aa490b95
frontend    | Version: webpack 4.29.6
frontend    | Time: 24558ms
frontend    | Built at: 07/17/2019 3:33:26 PM
frontend    |                                  Asset       Size  Chunks                    Chunk Names
frontend    | 0ab54153eeeca0ce03978cc463b257f7.woff2   39.2 KiB          [emitted]         
frontend    |   13db00b7a34fee4d819ab7f9838cc428.eot   96.3 KiB          [emitted]         
frontend    |   701ae6abd4719e9c2ada3535a497b341.eot   30.4 KiB          [emitted]         
frontend    |   82f60bd0b94a1ed68b1e6e309ce2e8c3.svg    105 KiB          [emitted]         
frontend    |   8e3c7f5520f5ae906c6cf6d7f3ddcd19.eot    104 KiB          [emitted]         
frontend    |   962a1bf31c081691065fe333d9fa8105.svg    382 KiB          [emitted]  [big]  
frontend    |   9c74e172f87984c48ddf5c8108cabe67.png   27.5 KiB          [emitted]         
frontend    |  a046592bac8f2fd96e994733faf3858c.woff   62.2 KiB          [emitted]         
frontend    |   a1a749e89f578a49306ec2b055c073da.svg    496 KiB          [emitted]  [big]  
frontend    |   a3e2211dddcba197b5bbf2aa9d5d9a9a.svg   3.19 KiB          [emitted]         
frontend    |   ad97afd3337e8cda302d10ff5a4026b8.ttf   30.2 KiB          [emitted]         
frontend    |   b87b9ba532ace76ae9f6edfe9f72ded2.ttf    103 KiB          [emitted]         
frontend    |   bff6c47a9da5c7cfa2e8a552e2df3a78.svg    3.2 KiB          [emitted]         
frontend    |   c5ebe0b32dc1b5cc449a76c4204d13bb.ttf   96.1 KiB          [emitted]         
frontend    | cd6c777f1945164224dee082abaea03a.woff2     12 KiB          [emitted]         
frontend    | e8c322de9658cbeb8a774b6624167c2c.woff2   53.2 KiB          [emitted]         
frontend    |  ef60a4f6c25ef7f39f2d25a748dbecfe.woff   14.4 KiB          [emitted]         
frontend    |  faff92145777a3cbaf8e7367b4807987.woff   49.3 KiB          [emitted]         
frontend    |                             index.html  454 bytes          [emitted]         
frontend    |                               main.css  127 bytes       0  [emitted]         main
frontend    |                                main.js   19.2 KiB       0  [emitted]         main
frontend    |                     vendors~main-1.css    602 KiB       1  [emitted]  [big]  vendors~main
frontend    |                        vendors~main.js    328 KiB       1  [emitted]  [big]  vendors~main
frontend    | Entrypoint main [big] = vendors~main-1.css vendors~main.js main.css main.js
frontend    |   [7] ./node_modules/semantic-ui-react/dist/es/lib/index.js + 1 modules 2.94 KiB {1} [built]
frontend    |       |    2 modules
frontend    |  [51] ./node_modules/semantic-ui-react/dist/es/elements/Icon/Icon.js + 1 modules 6.22 KiB {1} [built]
frontend    |       |    2 modules
frontend    |  [80] ./node_modules/react-redux/es/index.js + 19 modules 36.2 KiB {1} [built]
frontend    |       |    20 modules
frontend    |  [93] ./node_modules/semantic-ui-react/dist/es/elements/Label/Label.js + 2 modules 10.6 KiB {1} [built]
frontend    |       |    3 modules
frontend    |  [94] (webpack)/buildin/global.js 472 bytes {1} [built]
frontend    | [246] ./src/assets/toscalogo_color.svg 82 bytes {0} [built]
frontend    | [247] ./src/assets/toscalogo_grayscale.svg 82 bytes {0} [built]
frontend    | [266] multi @babel/polyfill ./src 40 bytes {0} [built]
frontend    | [446] (webpack)/buildin/harmony-module.js 573 bytes {1} [built]
frontend    | [448] ./src/assets/custom.css 39 bytes {0} [built]
frontend    | [585] ./src/index.js + 18 modules 37.8 KiB {0} [built]
frontend    |       | ./src/index.js 569 bytes [built]
frontend    |       | ./src/util/store.js 481 bytes [built]
frontend    |       | ./util/common.js 117 bytes [built]
frontend    |       | ./src/util/apiConnection.js 4.7 KiB [built]
frontend    |       | ./src/util/redux/index.js 219 bytes [built]
frontend    |       | ./src/util/redux/messageReducer.js 1.76 KiB [built]
frontend    |       | ./src/util/redux/simpleReducer.js 1.47 KiB [built]
frontend    |       | ./src/util/common.js 221 bytes [built]
frontend    |       |     + 11 hidden modules
frontend    | [586] ./node_modules/semantic-ui-react/dist/es/elements/Button/Button.js + 3 modules 17.7 KiB {1} [built]
frontend    |       |    4 modules
frontend    | [594] ./node_modules/react-router-dom/es/BrowserRouter.js + 12 modules 41 KiB {1} [built]
frontend    |       |    13 modules
frontend    | [596] ./node_modules/react-router-dom/es/Switch.js + 1 modules 3.35 KiB {1} [built]
frontend    |       |    2 modules
frontend    | [597] ./node_modules/react-router-dom/es/Route.js + 1 modules 5.9 KiB {1} [built]
frontend    |       |    2 modules
frontend    |     + 971 hidden modules
frontend    | 
frontend    | WARNING in asset size limit: The following asset(s) exceed the recommended size limit (244 KiB).
frontend    | This can impact web performance.
frontend    | Assets: 
frontend    |   962a1bf31c081691065fe333d9fa8105.svg (382 KiB)
frontend    |   a1a749e89f578a49306ec2b055c073da.svg (496 KiB)
frontend    |   vendors~main-1.css (602 KiB)
frontend    |   vendors~main.js (328 KiB)
frontend    | 
frontend    | WARNING in entrypoint size limit: The following entrypoint(s) combined asset size exceeds the recommended limit (244 KiB). This can impact web performance.
frontend    | Entrypoints:
frontend    |   main (949 KiB)
frontend    |       vendors~main-1.css
frontend    |       vendors~main.js
frontend    |       main.css
frontend    |       main.js
frontend    | 
frontend    | 
frontend    | WARNING in webpack performance recommendations: 
frontend    | You can limit the size of your bundles by using import() or require.ensure to lazy load some parts of your application.
frontend    | For more info visit https://webpack.js.org/guides/code-splitting/
frontend    | Child html-webpack-plugin for "index.html":
frontend    |      1 asset
frontend    |     Entrypoint undefined = index.html
frontend    |     [2] (webpack)/buildin/global.js 472 bytes {0} [built]
frontend    |     [3] (webpack)/buildin/module.js 497 bytes {0} [built]
frontend    |         + 2 hidden modules
frontend    | Child mini-css-extract-plugin node_modules/css-loader/index.js!node_modules/semantic-ui-css/semantic.min.css:
frontend    |     Entrypoint mini-css-extract-plugin = *
frontend    |        19 modules
frontend    | Child mini-css-extract-plugin node_modules/css-loader/index.js!src/assets/custom.css:
frontend    |     Entrypoint mini-css-extract-plugin = *
frontend    |     [0] ./node_modules/css-loader!./src/assets/custom.css 340 bytes {0} [built]
frontend    |         + 1 hidden module
frontend    | UPDATE AVAILABLE The latest version of `serve` is 11.1.0
frontend    | INFO: Accepting connections at http://localhost:5000
##### From another console
$ firefox http://localhost &
#####
nginx       | 172.19.0.1 - - [17/Jul/2019:15:36:05 +0000] "GET / HTTP/1.1" 200 454 "-" "Mozilla/5.0 (X11; Linux x86_64; rv:60.0) Gecko/20100101 Firefox/60.0"
nginx       | 172.19.0.1 - - [17/Jul/2019:15:36:07 +0000] "GET /main.css HTTP/1.1" 200 127 "http://localhost/" "Mozilla/5.0 (X11; Linux x86_64; rv:60.0) Gecko/20100101 Firefox/60.0"
nginx       | 172.19.0.1 - - [17/Jul/2019:15:36:07 +0000] "GET /main.js HTTP/1.1" 200 4699 "http://localhost/" "Mozilla/5.0 (X11; Linux x86_64; rv:60.0) Gecko/20100101 Firefox/60.0"
nginx       | 172.19.0.1 - - [17/Jul/2019:15:36:07 +0000] "GET /vendors~main.js HTTP/1.1" 200 106184 "http://localhost/" "Mozilla/5.0 (X11; Linux x86_64; rv:60.0) Gecko/20100101 Firefox/60.0"
nginx       | 172.19.0.1 - - [17/Jul/2019:15:36:07 +0000] "GET /vendors~main-1.css HTTP/1.1" 200 103190 "http://localhost/" "Mozilla/5.0 (X11; Linux x86_64; rv:60.0) Gecko/20100101 Firefox/60.0"
nginx       | 172.19.0.1 - - [17/Jul/2019:15:36:07 +0000] "GET /a3e2211dddcba197b5bbf2aa9d5d9a9a.svg HTTP/1.1" 200 1524 "http://localhost/" "Mozilla/5.0 (X11; Linux x86_64; rv:60.0) Gecko/20100101 Firefox/60.0"
nginx       | 172.19.0.1 - - [17/Jul/2019:15:36:07 +0000] "GET /favicon.ico HTTP/1.1" 200 454 "-" "Mozilla/5.0 (X11; Linux x86_64; rv:60.0) Gecko/20100101 Firefox/60.0"
nginx       | 172.19.0.1 - - [17/Jul/2019:15:36:31 +0000] "GET /api/ping HTTP/1.1" 200 4 "http://localhost/" "Mozilla/5.0 (X11; Linux x86_64; rv:60.0) Gecko/20100101 Firefox/60.0"
backend     | Got from redis pong
nginx       | 172.19.0.1 - - [17/Jul/2019:15:36:33 +0000] "GET /api/slow HTTP/1.1" 200 4 "http://localhost/" "Mozilla/5.0 (X11; Linux x86_64; rv:60.0) Gecko/20100101 Firefox/60.0"
nginx       | 172.19.0.1 - - [17/Jul/2019:15:36:41 +0000] "POST /api/messages HTTP/1.1" 201 7 "http://localhost/" "Mozilla/5.0 (X11; Linux x86_64; rv:60.0) Gecko/20100101 Firefox/60.0"
backend     | Executing (default): INSERT INTO "messages" ("id","body","createdAt","updatedAt") VALUES (DEFAULT,'messu1','2019-07-17 15:36:41.007 +00:00','2019-07-17 15:36:41.007 +00:00') RETURNING *;
nginx       | 172.19.0.1 - - [17/Jul/2019:15:36:44 +0000] "POST /api/messages HTTP/1.1" 201 7 "http://localhost/" "Mozilla/5.0 (X11; Linux x86_64; rv:60.0) Gecko/20100101 Firefox/60.0"
backend     | Executing (default): INSERT INTO "messages" ("id","body","createdAt","updatedAt") VALUES (DEFAULT,'messu2','2019-07-17 15:36:44.095 +00:00','2019-07-17 15:36:44.095 +00:00') RETURNING *;
backend     | Executing (default): SELECT "id", "body", "createdAt", "updatedAt" FROM "messages" AS "message";
nginx       | 172.19.0.1 - - [17/Jul/2019:15:36:45 +0000] "GET /api/messages HTTP/1.1" 200 207 "http://localhost/" "Mozilla/5.0 (X11; Linux x86_64; rv:60.0) Gecko/20100101 Firefox/60.0"
nginx       | 172.19.0.1 - - [17/Jul/2019:15:36:47 +0000] "GET /api/ping HTTP/1.1" 304 0 "http://localhost/" "Mozilla/5.0 (X11; Linux x86_64; rv:60.0) Gecko/20100101 Firefox/60.0"
Gracefully stopping... (press Ctrl+C again to force)
Stopping nginx    ... done
Stopping backend  ... done
Stopping frontend ... done
Stopping db       ... done
Stopping redis    ... done
$
