$ docker-compose up  --build
Creating network "29_default" with the default driver
Creating volume "29_backend_logs" with default driver
Creating volume "29_frontend_logs" with default driver
Pulling db (postgres:)...
latest: Pulling from library/postgres
fc7181108d40: Pull complete
81cfa12d39e9: Pull complete
793d305ca761: Pull complete
d1465f4e119c: Pull complete
32ecb3afd85d: Pull complete
e79a18e1d8ce: Pull complete
c9527f80b877: Pull complete
ab10bee9b69f: Pull complete
09a75880a8c5: Pull complete
18ea49310c65: Pull complete
de2df000424a: Pull complete
607cd2a5b061: Pull complete
ee8f05b2c352: Pull complete
221f9382c4d3: Pull complete
Digest: sha256:615f97884cb9cdd9226bd6c5cf4d8a62cc1255c36c1df0b5e3571d1803747c9c
Status: Downloaded newer image for postgres:latest
Pulling redis (redis:)...
latest: Pulling from library/redis
f5d23c7fed46: Pull complete
a4a5c04dafc1: Pull complete
605bafc84bc9: Pull complete
f07a4e35cd96: Pull complete
17944e5e3eb7: Pull complete
6f875a8605e0: Pull complete
Digest: sha256:8888f6cd2509062a377e903e17777b4a6d59c92769f6807f034fa345da9eebcf
Status: Downloaded newer image for redis:latest
Building backend
Step 1/7 : FROM node
latest: Pulling from library/node
a4d8138d0f6b: Pull complete
dbdc36973392: Pull complete
f59d6d019dd5: Pull complete
aaef3e026258: Pull complete
6e454d3b6c28: Pull complete
c717a7c205aa: Pull complete
e8566b4564fe: Pull complete
04239395be03: Pull complete
27ace7d95321: Pull complete
Digest: sha256:6e64f63a663a368cc81b28ed3c3e29e6b3784c04f0128be5aaa659157ed4d231
Status: Downloaded newer image for node:latest
 ---> 7c412a558705
Step 2/7 : EXPOSE 8000
 ---> Running in cb599750bc37
Removing intermediate container cb599750bc37
 ---> 97d3524ba571
Step 3/7 : ENV FRONT_URL=http://nginx:80
 ---> Running in 93429e6f2f34
Removing intermediate container 93429e6f2f34
 ---> fdfd2df06049
Step 4/7 : WORKDIR /home/node/
 ---> Running in 01f8cf09caba
Removing intermediate container 01f8cf09caba
 ---> e7281b1afb52
Step 5/7 : RUN wget https://github.com/docker-hy/backend-example-docker/archive/master.zip &&     unzip master.zip &&     mv -f backend-example-docker-master/* . &&     rm -fr master.zip backend-example-docker-master &&     mkdir logs &&     mv -f logs.txt logs/ &&     ln -s /home/node/logs/logs.txt /home/node/logs.txt &&     chown -R node:node .
 ---> Running in a0c2daa3b0a0
--2019-07-17 17:29:51--  https://github.com/docker-hy/backend-example-docker/archive/master.zip
Resolving github.com (github.com)... 140.82.118.3
Connecting to github.com (github.com)|140.82.118.3|:443... connected.
HTTP request sent, awaiting response... 302 Found
Location: https://codeload.github.com/docker-hy/backend-example-docker/zip/master [following]
--2019-07-17 17:29:51--  https://codeload.github.com/docker-hy/backend-example-docker/zip/master
Resolving codeload.github.com (codeload.github.com)... 140.82.113.10
Connecting to codeload.github.com (codeload.github.com)|140.82.113.10|:443... connected.
HTTP request sent, awaiting response... 200 OK
Length: unspecified [application/zip]
Saving to: 'master.zip'

     0K .......... .......... .......... .......... ..........  216K
    50K ...                                                    13.7M=0.2s

2019-07-17 17:29:52 (229 KB/s) - 'master.zip' saved [54304]

Archive:  master.zip
fb33e1fca953fabd43c429e5b3f53d3a1e17baff
   creating: backend-example-docker-master/
  inflating: backend-example-docker-master/.gitignore  
  inflating: backend-example-docker-master/README.md  
  inflating: backend-example-docker-master/config.js  
  inflating: backend-example-docker-master/index.js  
 extracting: backend-example-docker-master/logs.txt  
  inflating: backend-example-docker-master/package-lock.json  
  inflating: backend-example-docker-master/package.json  
   creating: backend-example-docker-master/server/
   creating: backend-example-docker-master/server/controllers/
  inflating: backend-example-docker-master/server/controllers/messageController.js  
   creating: backend-example-docker-master/server/database/
  inflating: backend-example-docker-master/server/database/connection.js  
  inflating: backend-example-docker-master/server/index.js  
   creating: backend-example-docker-master/server/models/
  inflating: backend-example-docker-master/server/models/message.js  
  inflating: backend-example-docker-master/server/redis.js  
  inflating: backend-example-docker-master/server/routes.js  
Removing intermediate container a0c2daa3b0a0
 ---> 2d41038c5042
Step 6/7 : RUN npm install
 ---> Running in c73ea550741a

> nodemon@1.18.9 postinstall /home/node/node_modules/nodemon
> node bin/postinstall || exit 0

Love nodemon? You can now support the project via the open collective:
 > https://opencollective.com/nodemon/donate

npm WARN optional SKIPPING OPTIONAL DEPENDENCY: fsevents@1.2.4 (node_modules/fsevents):
npm WARN notsup SKIPPING OPTIONAL DEPENDENCY: Unsupported platform for fsevents@1.2.4: wanted {"os":"darwin","arch":"any"} (current: {"os":"linux","arch":"x64"})

added 606 packages from 458 contributors and audited 5317 packages in 12.507s
found 272 vulnerabilities (1 moderate, 271 high)
  run `npm audit fix` to fix them, or `npm audit` for details
Removing intermediate container c73ea550741a
 ---> 5710ef4e1da5
Step 7/7 : CMD npm start
 ---> Running in a6fc41edb41f
Removing intermediate container a6fc41edb41f
 ---> b6e2464a9dee

Successfully built b6e2464a9dee
Successfully tagged 29_backend:latest
Building frontend
Step 1/7 : FROM node
 ---> 7c412a558705
Step 2/7 : EXPOSE 5000
 ---> Running in 0900e63b44ae
Removing intermediate container 0900e63b44ae
 ---> 34517696c306
Step 3/7 : ENV API_URL=http://localhost:80/api
 ---> Running in 011488fe4c35
Removing intermediate container 011488fe4c35
 ---> 790829ba97c3
Step 4/7 : WORKDIR /home/node/
 ---> Running in 7177ca5cd0c2
Removing intermediate container 7177ca5cd0c2
 ---> 2ed19e10fa1f
Step 5/7 : RUN wget https://github.com/docker-hy/frontend-example-docker/archive/master.zip &&     unzip master.zip &&     mv -f frontend-example-docker-master/* . &&     rm -fr master.zip frontend-example-docker-master &&     mkdir logs &&     touch /home/node/logs/logs.txt &&     ln -s /home/node/logs/logs.txt /home/node/logs.txt &&     chown -R node:node .
 ---> Running in 48262c43ab0c
--2019-07-17 17:30:10--  https://github.com/docker-hy/frontend-example-docker/archive/master.zip
Resolving github.com (github.com)... 140.82.118.3
Connecting to github.com (github.com)|140.82.118.3|:443... connected.
HTTP request sent, awaiting response... 302 Found
Location: https://codeload.github.com/docker-hy/frontend-example-docker/zip/master [following]
--2019-07-17 17:30:11--  https://codeload.github.com/docker-hy/frontend-example-docker/zip/master
Resolving codeload.github.com (codeload.github.com)... 192.30.253.121
Connecting to codeload.github.com (codeload.github.com)|192.30.253.121|:443... connected.
HTTP request sent, awaiting response... 200 OK
Length: unspecified [application/zip]
Saving to: 'master.zip'

     0K .......... .......... .......... .......... ..........  212K
    50K .......... .......... .......... .......... ..........  421K
   100K .                                                      30.7M=0.4s

2019-07-17 17:30:12 (287 KB/s) - 'master.zip' saved [104069]

Archive:  master.zip
c7fbf423d5ad397669cec1f0d8471df44e96fe9b
   creating: frontend-example-docker-master/
  inflating: frontend-example-docker-master/.gitignore  
  inflating: frontend-example-docker-master/README.md  
  inflating: frontend-example-docker-master/config.js  
  inflating: frontend-example-docker-master/package-lock.json  
  inflating: frontend-example-docker-master/package.json  
   creating: frontend-example-docker-master/src/
   creating: frontend-example-docker-master/src/assets/
  inflating: frontend-example-docker-master/src/assets/custom.css  
  inflating: frontend-example-docker-master/src/assets/toscalogo_black.svg  
  inflating: frontend-example-docker-master/src/assets/toscalogo_color.svg  
  inflating: frontend-example-docker-master/src/assets/toscalogo_grayscale.svg  
  inflating: frontend-example-docker-master/src/assets/toscalogo_white.svg  
   creating: frontend-example-docker-master/src/components/
  inflating: frontend-example-docker-master/src/components/App.js  
   creating: frontend-example-docker-master/src/components/ExercisesList/
  inflating: frontend-example-docker-master/src/components/ExercisesList/ExerciseAmIRunning.js  
  inflating: frontend-example-docker-master/src/components/ExercisesList/ExerciseBackendConnection.js  
  inflating: frontend-example-docker-master/src/components/ExercisesList/ExerciseDBConnection.js  
  inflating: frontend-example-docker-master/src/components/ExercisesList/ExerciseNginxSetup.js  
  inflating: frontend-example-docker-master/src/components/ExercisesList/ExerciseRedisSetup.js  
  inflating: frontend-example-docker-master/src/components/ExercisesList/index.js  
  inflating: frontend-example-docker-master/src/components/Footer.js  
  inflating: frontend-example-docker-master/src/components/NavBar.js  
  inflating: frontend-example-docker-master/src/components/OnlyView.js  
  inflating: frontend-example-docker-master/src/components/Router.js  
  inflating: frontend-example-docker-master/src/index.js  
   creating: frontend-example-docker-master/src/util/
  inflating: frontend-example-docker-master/src/util/apiConnection.js  
  inflating: frontend-example-docker-master/src/util/common.js  
   creating: frontend-example-docker-master/src/util/redux/
  inflating: frontend-example-docker-master/src/util/redux/index.js  
  inflating: frontend-example-docker-master/src/util/redux/messageReducer.js  
  inflating: frontend-example-docker-master/src/util/redux/simpleReducer.js  
  inflating: frontend-example-docker-master/src/util/store.js  
   creating: frontend-example-docker-master/util/
  inflating: frontend-example-docker-master/util/common.js  
  inflating: frontend-example-docker-master/webpack.config.js  
Removing intermediate container 48262c43ab0c
 ---> 61c3aa5ba82d
Step 6/7 : RUN npm install
 ---> Running in c0b27b19a1b3
npm WARN optional SKIPPING OPTIONAL DEPENDENCY: fsevents@1.2.7 (node_modules/fsevents):
npm WARN notsup SKIPPING OPTIONAL DEPENDENCY: Unsupported platform for fsevents@1.2.7: wanted {"os":"darwin","arch":"any"} (current: {"os":"linux","arch":"x64"})

added 1029 packages from 415 contributors and audited 11636 packages in 22.072s
found 311 vulnerabilities (4 moderate, 307 high)
  run `npm audit fix` to fix them, or `npm audit` for details
Removing intermediate container c0b27b19a1b3
 ---> 96e6142e857f
Step 7/7 : CMD npm start
 ---> Running in e1d6bcfc3616
Removing intermediate container e1d6bcfc3616
 ---> 5feadc67cff1

Successfully built 5feadc67cff1
Successfully tagged 29_frontend:latest
Pulling nginx (nginx:)...
latest: Pulling from library/nginx
fc7181108d40: Already exists
d2e987ca2267: Pull complete
0b760b431b11: Pull complete
Digest: sha256:48cbeee0cb0a3b5e885e36222f969e0a2f41819a68e07aeb6631ca7cb356fed1
Status: Downloaded newer image for nginx:latest
Creating 29_redis_1    ... done
Creating 29_db_1       ... done
Creating 29_frontend_1 ... done
Creating 29_backend_1  ... done
Creating 29_nginx_1    ... done
Attaching to 29_frontend_1, 29_db_1, 29_redis_1, 29_backend_1, 29_nginx_1
frontend_1  | 
frontend_1  | > frontend-example-docker@1.0.0 start /home/node
frontend_1  | > webpack --mode production && serve -s -l 5000 dist
frontend_1  | 
frontend_1  | Browserslist: caniuse-lite is outdated. Please run next command `npm update caniuse-lite browserslist`
backend_1   | 
backend_1   | > backend-example-docker@1.0.0 start /home/node
backend_1   | > cross-env NODE_ENV=production node index.js
backend_1   | 
db_1        | The files belonging to this database system will be owned by user "postgres".
db_1        | This user must also own the server process.
db_1        | 
db_1        | The database cluster will be initialized with locale "en_US.utf8".
db_1        | The default database encoding has accordingly been set to "UTF8".
db_1        | The default text search configuration will be set to "english".
db_1        | 
db_1        | Data page checksums are disabled.
db_1        | 
db_1        | fixing permissions on existing directory /var/lib/postgresql/data ... ok
db_1        | creating subdirectories ... ok
db_1        | selecting default max_connections ... 100
db_1        | selecting default shared_buffers ... 128MB
db_1        | selecting default timezone ... Etc/UTC
db_1        | selecting dynamic shared memory implementation ... posix
db_1        | creating configuration files ... ok
db_1        | running bootstrap script ... ok
db_1        | performing post-bootstrap initialization ... ok
redis_1     | 1:C 17 Jul 2019 17:30:51.524 # oO0OoO0OoO0Oo Redis is starting oO0OoO0OoO0Oo
redis_1     | 1:C 17 Jul 2019 17:30:51.524 # Redis version=5.0.5, bits=64, commit=00000000, modified=0, pid=1, just started
redis_1     | 1:C 17 Jul 2019 17:30:51.524 # Warning: no config file specified, using the default config. In order to specify a config file use redis-server /path/to/redis.conf
redis_1     | 1:M 17 Jul 2019 17:30:51.527 * Running mode=standalone, port=6379.
redis_1     | 1:M 17 Jul 2019 17:30:51.527 # WARNING: The TCP backlog setting of 511 cannot be enforced because /proc/sys/net/core/somaxconn is set to the lower value of 128.
redis_1     | 1:M 17 Jul 2019 17:30:51.527 # Server initialized
redis_1     | 1:M 17 Jul 2019 17:30:51.527 # WARNING overcommit_memory is set to 0! Background save may fail under low memory condition. To fix this issue add 'vm.overcommit_memory = 1' to /etc/sysctl.conf and then reboot or run the command 'sysctl vm.overcommit_memory=1' for this to take effect.
redis_1     | 1:M 17 Jul 2019 17:30:51.527 # WARNING you have Transparent Huge Pages (THP) support enabled in your kernel. This will create latency and memory usage issues with Redis. To fix this issue run the command 'echo never > /sys/kernel/mm/transparent_hugepage/enabled' as root, and add it to your /etc/rc.local in order to retain the setting after a reboot. Redis must be restarted after THP is disabled.
redis_1     | 1:M 17 Jul 2019 17:30:51.527 * Ready to accept connections
backend_1   | Browserslist: caniuse-lite is outdated. Please run next command `npm update caniuse-lite browserslist`
db_1        | syncing data to disk ... ok
db_1        | 
db_1        | Success. You can now start the database server using:
db_1        | 
db_1        |     pg_ctl -D /var/lib/postgresql/data -l logfile start
db_1        | 
db_1        | 
db_1        | WARNING: enabling "trust" authentication for local connections
db_1        | You can change this by editing pg_hba.conf or using the option -A, or
db_1        | --auth-local and --auth-host, the next time you run initdb.
db_1        | waiting for server to start....2019-07-17 17:30:53.826 UTC [42] LOG:  listening on Unix socket "/var/run/postgresql/.s.PGSQL.5432"
db_1        | 2019-07-17 17:30:53.843 UTC [43] LOG:  database system was shut down at 2019-07-17 17:30:53 UTC
db_1        | 2019-07-17 17:30:53.847 UTC [42] LOG:  database system is ready to accept connections
db_1        |  done
db_1        | server started
db_1        | 
db_1        | /usr/local/bin/docker-entrypoint.sh: ignoring /docker-entrypoint-initdb.d/*
db_1        | 
db_1        | waiting for server to shut down....2019-07-17 17:30:53.922 UTC [42] LOG:  received fast shutdown request
db_1        | 2019-07-17 17:30:53.943 UTC [42] LOG:  aborting any active transactions
db_1        | 2019-07-17 17:30:53.952 UTC [42] LOG:  background worker "logical replication launcher" (PID 49) exited with exit code 1
db_1        | 2019-07-17 17:30:53.968 UTC [44] LOG:  shutting down
db_1        | 2019-07-17 17:30:53.986 UTC [42] LOG:  database system is shut down
db_1        |  done
db_1        | server stopped
db_1        | 
db_1        | PostgreSQL init process complete; ready for start up.
db_1        | 
db_1        | 2019-07-17 17:30:54.045 UTC [1] LOG:  listening on IPv4 address "0.0.0.0", port 5432
db_1        | 2019-07-17 17:30:54.045 UTC [1] LOG:  listening on IPv6 address "::", port 5432
db_1        | 2019-07-17 17:30:54.063 UTC [1] LOG:  listening on Unix socket "/var/run/postgresql/.s.PGSQL.5432"
db_1        | 2019-07-17 17:30:54.076 UTC [51] LOG:  database system was shut down at 2019-07-17 17:30:53 UTC
db_1        | 2019-07-17 17:30:54.087 UTC [1] LOG:  database system is ready to accept connections
backend_1   | Wed, 17 Jul 2019 17:30:54 GMT sequelize deprecated String based operators are now deprecated. Please use Symbol based operators for better security, read more at http://docs.sequelizejs.com/manual/tutorial/querying.html#operators at node_modules/sequelize/lib/sequelize.js:242:13
backend_1   | Testing database connection
backend_1   | Redis connection, initating..
backend_1   | Trying to set cache
backend_1   | Cache set successfully
backend_1   | Started on port 8000
backend_1   | Executing (default): SELECT 1+1 AS result
backend_1   | Connection ok, syncing database with model.
backend_1   | Executing (default): CREATE TABLE IF NOT EXISTS "messages" ("id"   SERIAL , "body" VARCHAR(255), "createdAt" TIMESTAMP WITH TIME ZONE NOT NULL, "updatedAt" TIMESTAMP WITH TIME ZONE NOT NULL, PRIMARY KEY ("id"));
backend_1   | Executing (default): SELECT i.relname AS name, ix.indisprimary AS primary, ix.indisunique AS unique, ix.indkey AS indkey, array_agg(a.attnum) as column_indexes, array_agg(a.attname) AS column_names, pg_get_indexdef(ix.indexrelid) AS definition FROM pg_class t, pg_class i, pg_index ix, pg_attribute a WHERE t.oid = ix.indrelid AND i.oid = ix.indexrelid AND a.attrelid = t.oid AND t.relkind = 'r' and t.relname = 'messages' GROUP BY i.relname, ix.indexrelid, ix.indisprimary, ix.indisunique, ix.indkey ORDER BY i.relname;
backend_1   | Database connection established!
frontend_1  | Hash: e39f652528d0aa490b95
frontend_1  | Version: webpack 4.29.6
frontend_1  | Time: 23952ms
frontend_1  | Built at: 07/17/2019 5:31:18 PM
frontend_1  |                                  Asset       Size  Chunks                    Chunk Names
frontend_1  | 0ab54153eeeca0ce03978cc463b257f7.woff2   39.2 KiB          [emitted]         
frontend_1  |   13db00b7a34fee4d819ab7f9838cc428.eot   96.3 KiB          [emitted]         
frontend_1  |   701ae6abd4719e9c2ada3535a497b341.eot   30.4 KiB          [emitted]         
frontend_1  |   82f60bd0b94a1ed68b1e6e309ce2e8c3.svg    105 KiB          [emitted]         
frontend_1  |   8e3c7f5520f5ae906c6cf6d7f3ddcd19.eot    104 KiB          [emitted]         
frontend_1  |   962a1bf31c081691065fe333d9fa8105.svg    382 KiB          [emitted]  [big]  
frontend_1  |   9c74e172f87984c48ddf5c8108cabe67.png   27.5 KiB          [emitted]         
frontend_1  |  a046592bac8f2fd96e994733faf3858c.woff   62.2 KiB          [emitted]         
frontend_1  |   a1a749e89f578a49306ec2b055c073da.svg    496 KiB          [emitted]  [big]  
frontend_1  |   a3e2211dddcba197b5bbf2aa9d5d9a9a.svg   3.19 KiB          [emitted]         
frontend_1  |   ad97afd3337e8cda302d10ff5a4026b8.ttf   30.2 KiB          [emitted]         
frontend_1  |   b87b9ba532ace76ae9f6edfe9f72ded2.ttf    103 KiB          [emitted]         
frontend_1  |   bff6c47a9da5c7cfa2e8a552e2df3a78.svg    3.2 KiB          [emitted]         
frontend_1  |   c5ebe0b32dc1b5cc449a76c4204d13bb.ttf   96.1 KiB          [emitted]         
frontend_1  | cd6c777f1945164224dee082abaea03a.woff2     12 KiB          [emitted]         
frontend_1  | e8c322de9658cbeb8a774b6624167c2c.woff2   53.2 KiB          [emitted]         
frontend_1  |  ef60a4f6c25ef7f39f2d25a748dbecfe.woff   14.4 KiB          [emitted]         
frontend_1  |  faff92145777a3cbaf8e7367b4807987.woff   49.3 KiB          [emitted]         
frontend_1  |                             index.html  454 bytes          [emitted]         
frontend_1  |                               main.css  127 bytes       0  [emitted]         main
frontend_1  |                                main.js   19.2 KiB       0  [emitted]         main
frontend_1  |                     vendors~main-1.css    602 KiB       1  [emitted]  [big]  vendors~main
frontend_1  |                        vendors~main.js    328 KiB       1  [emitted]  [big]  vendors~main
frontend_1  | Entrypoint main [big] = vendors~main-1.css vendors~main.js main.css main.js
frontend_1  |   [7] ./node_modules/semantic-ui-react/dist/es/lib/index.js + 1 modules 2.94 KiB {1} [built]
frontend_1  |       |    2 modules
frontend_1  |  [51] ./node_modules/semantic-ui-react/dist/es/elements/Icon/Icon.js + 1 modules 6.22 KiB {1} [built]
frontend_1  |       |    2 modules
frontend_1  |  [80] ./node_modules/react-redux/es/index.js + 19 modules 36.2 KiB {1} [built]
frontend_1  |       |    20 modules
frontend_1  |  [93] ./node_modules/semantic-ui-react/dist/es/elements/Label/Label.js + 2 modules 10.6 KiB {1} [built]
frontend_1  |       |    3 modules
frontend_1  |  [94] (webpack)/buildin/global.js 472 bytes {1} [built]
frontend_1  | [246] ./src/assets/toscalogo_color.svg 82 bytes {0} [built]
frontend_1  | [247] ./src/assets/toscalogo_grayscale.svg 82 bytes {0} [built]
frontend_1  | [266] multi @babel/polyfill ./src 40 bytes {0} [built]
frontend_1  | [446] (webpack)/buildin/harmony-module.js 573 bytes {1} [built]
frontend_1  | [448] ./src/assets/custom.css 39 bytes {0} [built]
frontend_1  | [585] ./src/index.js + 18 modules 37.8 KiB {0} [built]
frontend_1  |       | ./src/index.js 569 bytes [built]
frontend_1  |       | ./src/util/store.js 481 bytes [built]
frontend_1  |       | ./util/common.js 117 bytes [built]
frontend_1  |       | ./src/util/apiConnection.js 4.7 KiB [built]
frontend_1  |       | ./src/util/redux/index.js 219 bytes [built]
frontend_1  |       | ./src/util/redux/messageReducer.js 1.76 KiB [built]
frontend_1  |       | ./src/util/redux/simpleReducer.js 1.47 KiB [built]
frontend_1  |       | ./src/util/common.js 221 bytes [built]
frontend_1  |       |     + 11 hidden modules
frontend_1  | [586] ./node_modules/semantic-ui-react/dist/es/elements/Button/Button.js + 3 modules 17.7 KiB {1} [built]
frontend_1  |       |    4 modules
frontend_1  | [594] ./node_modules/react-router-dom/es/BrowserRouter.js + 12 modules 41 KiB {1} [built]
frontend_1  |       |    13 modules
frontend_1  | [596] ./node_modules/react-router-dom/es/Switch.js + 1 modules 3.35 KiB {1} [built]
frontend_1  |       |    2 modules
frontend_1  | [597] ./node_modules/react-router-dom/es/Route.js + 1 modules 5.9 KiB {1} [built]
frontend_1  |       |    2 modules
frontend_1  |     + 971 hidden modules
frontend_1  | 
frontend_1  | WARNING in asset size limit: The following asset(s) exceed the recommended size limit (244 KiB).
frontend_1  | This can impact web performance.
frontend_1  | Assets: 
frontend_1  |   962a1bf31c081691065fe333d9fa8105.svg (382 KiB)
frontend_1  |   a1a749e89f578a49306ec2b055c073da.svg (496 KiB)
frontend_1  |   vendors~main-1.css (602 KiB)
frontend_1  |   vendors~main.js (328 KiB)
frontend_1  | 
frontend_1  | WARNING in entrypoint size limit: The following entrypoint(s) combined asset size exceeds the recommended limit (244 KiB). This can impact web performance.
frontend_1  | Entrypoints:
frontend_1  |   main (949 KiB)
frontend_1  |       vendors~main-1.css
frontend_1  |       vendors~main.js
frontend_1  |       main.css
frontend_1  |       main.js
frontend_1  | 
frontend_1  | 
frontend_1  | WARNING in webpack performance recommendations: 
frontend_1  | You can limit the size of your bundles by using import() or require.ensure to lazy load some parts of your application.
frontend_1  | For more info visit https://webpack.js.org/guides/code-splitting/
frontend_1  | Child html-webpack-plugin for "index.html":
frontend_1  |      1 asset
frontend_1  |     Entrypoint undefined = index.html
frontend_1  |     [2] (webpack)/buildin/global.js 472 bytes {0} [built]
frontend_1  |     [3] (webpack)/buildin/module.js 497 bytes {0} [built]
frontend_1  |         + 2 hidden modules
frontend_1  | Child mini-css-extract-plugin node_modules/css-loader/index.js!node_modules/semantic-ui-css/semantic.min.css:
frontend_1  |     Entrypoint mini-css-extract-plugin = *
frontend_1  |        19 modules
frontend_1  | Child mini-css-extract-plugin node_modules/css-loader/index.js!src/assets/custom.css:
frontend_1  |     Entrypoint mini-css-extract-plugin = *
frontend_1  |     [0] ./node_modules/css-loader!./src/assets/custom.css 340 bytes {0} [built]
frontend_1  |         + 1 hidden module
frontend_1  | UPDATE AVAILABLE The latest version of `serve` is 11.1.0
frontend_1  | INFO: Accepting connections at http://localhost:5000
##### From another console
$ firefox http://localhost &
#####
nginx_1     | 172.22.0.1 - - [17/Jul/2019:17:32:31 +0000] "GET / HTTP/1.1" 200 454 "-" "Mozilla/5.0 (X11; Linux x86_64; rv:60.0) Gecko/20100101 Firefox/60.0"
nginx_1     | 172.22.0.1 - - [17/Jul/2019:17:32:31 +0000] "GET /main.css HTTP/1.1" 200 127 "http://localhost/" "Mozilla/5.0 (X11; Linux x86_64; rv:60.0) Gecko/20100101 Firefox/60.0"
nginx_1     | 172.22.0.1 - - [17/Jul/2019:17:32:31 +0000] "GET /main.js HTTP/1.1" 200 4699 "http://localhost/" "Mozilla/5.0 (X11; Linux x86_64; rv:60.0) Gecko/20100101 Firefox/60.0"
nginx_1     | 172.22.0.1 - - [17/Jul/2019:17:32:31 +0000] "GET /vendors~main.js HTTP/1.1" 200 106184 "http://localhost/" "Mozilla/5.0 (X11; Linux x86_64; rv:60.0) Gecko/20100101 Firefox/60.0"
nginx_1     | 172.22.0.1 - - [17/Jul/2019:17:32:31 +0000] "GET /vendors~main-1.css HTTP/1.1" 200 103174 "http://localhost/" "Mozilla/5.0 (X11; Linux x86_64; rv:60.0) Gecko/20100101 Firefox/60.0"
nginx_1     | 172.22.0.1 - - [17/Jul/2019:17:32:31 +0000] "GET /a3e2211dddcba197b5bbf2aa9d5d9a9a.svg HTTP/1.1" 200 1524 "http://localhost/" "Mozilla/5.0 (X11; Linux x86_64; rv:60.0) Gecko/20100101 Firefox/60.0"
nginx_1     | 172.22.0.1 - - [17/Jul/2019:17:32:34 +0000] "GET /api/ping HTTP/1.1" 304 0 "http://localhost/" "Mozilla/5.0 (X11; Linux x86_64; rv:60.0) Gecko/20100101 Firefox/60.0"
backend_1   | Got from redis pong
nginx_1     | 172.22.0.1 - - [17/Jul/2019:17:32:43 +0000] "GET /api/slow HTTP/1.1" 304 0 "http://localhost/" "Mozilla/5.0 (X11; Linux x86_64; rv:60.0) Gecko/20100101 Firefox/60.0"
nginx_1     | 172.22.0.1 - - [17/Jul/2019:17:32:47 +0000] "POST /api/messages HTTP/1.1" 201 7 "http://localhost/" "Mozilla/5.0 (X11; Linux x86_64; rv:60.0) Gecko/20100101 Firefox/60.0"
backend_1   | Executing (default): INSERT INTO "messages" ("id","body","createdAt","updatedAt") VALUES (DEFAULT,'foo','2019-07-17 17:32:47.345 +00:00','2019-07-17 17:32:47.345 +00:00') RETURNING *;
backend_1   | Executing (default): SELECT "id", "body", "createdAt", "updatedAt" FROM "messages" AS "message";
nginx_1     | 172.22.0.1 - - [17/Jul/2019:17:32:48 +0000] "GET /api/messages HTTP/1.1" 200 101 "http://localhost/" "Mozilla/5.0 (X11; Linux x86_64; rv:60.0) Gecko/20100101 Firefox/60.0"
nginx_1     | 172.22.0.1 - - [17/Jul/2019:17:32:50 +0000] "GET /api/ping HTTP/1.1" 304 0 "http://localhost/" "Mozilla/5.0 (X11; Linux x86_64; rv:60.0) Gecko/20100101 Firefox/60.0"
^CGracefully stopping... (press Ctrl+C again to force)
Stopping 29_nginx_1    ... done
Stopping 29_backend_1  ... done
Stopping 29_redis_1    ... done
Stopping 29_frontend_1 ... done
Stopping 29_db_1       ... done
[tpakarin@centos7 2.9]$ sudo ls -l redis db
db:
total 52
drwx------. 5 polkitd input    41 Jul 17 20:30 base
drwx------. 2 polkitd input  4096 Jul 17 20:30 global
drwx------. 2 polkitd input     6 Jul 17 20:30 pg_commit_ts
drwx------. 2 polkitd input     6 Jul 17 20:30 pg_dynshmem
-rw-------. 1 polkitd input  4535 Jul 17 20:30 pg_hba.conf
-rw-------. 1 polkitd input  1636 Jul 17 20:30 pg_ident.conf
drwx------. 4 polkitd input    68 Jul 17 20:33 pg_logical
drwx------. 4 polkitd input    36 Jul 17 20:30 pg_multixact
drwx------. 2 polkitd input    18 Jul 17 20:30 pg_notify
drwx------. 2 polkitd input     6 Jul 17 20:30 pg_replslot
drwx------. 2 polkitd input     6 Jul 17 20:30 pg_serial
drwx------. 2 polkitd input     6 Jul 17 20:30 pg_snapshots
drwx------. 2 polkitd input    63 Jul 17 20:33 pg_stat
drwx------. 2 polkitd input     6 Jul 17 20:33 pg_stat_tmp
drwx------. 2 polkitd input    18 Jul 17 20:30 pg_subtrans
drwx------. 2 polkitd input     6 Jul 17 20:30 pg_tblspc
drwx------. 2 polkitd input     6 Jul 17 20:30 pg_twophase
-rw-------. 1 polkitd input     3 Jul 17 20:30 PG_VERSION
drwx------. 3 polkitd input    60 Jul 17 20:30 pg_wal
drwx------. 2 polkitd input    18 Jul 17 20:30 pg_xact
-rw-------. 1 polkitd input    88 Jul 17 20:30 postgresql.auto.conf
-rw-------. 1 polkitd input 23849 Jul 17 20:30 postgresql.conf
-rw-------. 1 polkitd input    36 Jul 17 20:30 postmaster.opts

redis:
total 4
-rw-r--r--. 1 polkitd input 108 Jul 17 20:33 dump.rdb
$
