$ docker build -f Dockerfile.backend .
Sending build context to Docker daemon  4.608kB
Step 1/7 : FROM node
latest: Pulling from library/node
a4d8138d0f6b: Pull complete 
dbdc36973392: Pull complete 
f59d6d019dd5: Pull complete 
aaef3e026258: Pull complete 
6e454d3b6c28: Pull complete 
c717a7c205aa: Pull complete 
e8566b4564fe: Pull complete 
04239395be03: Pull complete 
27ace7d95321: Pull complete 
Digest: sha256:6e64f63a663a368cc81b28ed3c3e29e6b3784c04f0128be5aaa659157ed4d231
Status: Downloaded newer image for node:latest
 ---> 7c412a558705
Step 2/7 : EXPOSE 8000
 ---> Running in 4029e374d688
Removing intermediate container 4029e374d688
 ---> a77574569fa3
Step 3/7 : ENV FRONT_URL=http://nginx:80
 ---> Running in acd4b2750d5e
Removing intermediate container acd4b2750d5e
 ---> 8be78bd9acd1
Step 4/7 : WORKDIR /home/node/
 ---> Running in 47b6e784b118
Removing intermediate container 47b6e784b118
 ---> 262f937b4fb6
Step 5/7 : RUN wget https://github.com/docker-hy/backend-example-docker/archive/master.zip &&     unzip master.zip &&     mv -f backend-example-docker-master/* . &&     rm -fr master.zip backend-example-docker-master &&     mkdir logs &&     mv -f logs.txt logs/ &&     ln -s /home/node/logs/logs.txt /home/node/logs.txt &&     chown -R node:node .
 ---> Running in cf7ed1b0fc39
--2019-07-17 19:38:03--  https://github.com/docker-hy/backend-example-docker/archive/master.zip
Resolving github.com (github.com)... 140.82.118.4
Connecting to github.com (github.com)|140.82.118.4|:443... connected.
HTTP request sent, awaiting response... 302 Found
Location: https://codeload.github.com/docker-hy/backend-example-docker/zip/master [following]
--2019-07-17 19:38:03--  https://codeload.github.com/docker-hy/backend-example-docker/zip/master
Resolving codeload.github.com (codeload.github.com)... 140.82.113.10
Connecting to codeload.github.com (codeload.github.com)|140.82.113.10|:443... connected.
HTTP request sent, awaiting response... 200 OK
Length: unspecified [application/zip]
Saving to: 'master.zip'

     0K .......... .......... .......... .......... ..........  187K
    50K ...                                                    8.43M=0.3s

2019-07-17 19:38:04 (198 KB/s) - 'master.zip' saved [54304]

Archive:  master.zip
fb33e1fca953fabd43c429e5b3f53d3a1e17baff
   creating: backend-example-docker-master/
  inflating: backend-example-docker-master/.gitignore  
  inflating: backend-example-docker-master/README.md  
  inflating: backend-example-docker-master/config.js  
  inflating: backend-example-docker-master/index.js  
 extracting: backend-example-docker-master/logs.txt  
  inflating: backend-example-docker-master/package-lock.json  
  inflating: backend-example-docker-master/package.json  
   creating: backend-example-docker-master/server/
   creating: backend-example-docker-master/server/controllers/
  inflating: backend-example-docker-master/server/controllers/messageController.js  
   creating: backend-example-docker-master/server/database/
  inflating: backend-example-docker-master/server/database/connection.js  
  inflating: backend-example-docker-master/server/index.js  
   creating: backend-example-docker-master/server/models/
  inflating: backend-example-docker-master/server/models/message.js  
  inflating: backend-example-docker-master/server/redis.js  
  inflating: backend-example-docker-master/server/routes.js  
Removing intermediate container cf7ed1b0fc39
 ---> 839e23b435f4
Step 6/7 : RUN npm install
 ---> Running in e2289e9d8c93

> nodemon@1.18.9 postinstall /home/node/node_modules/nodemon
> node bin/postinstall || exit 0

Love nodemon? You can now support the project via the open collective:
 > https://opencollective.com/nodemon/donate

npm WARN optional SKIPPING OPTIONAL DEPENDENCY: fsevents@1.2.4 (node_modules/fsevents):
npm WARN notsup SKIPPING OPTIONAL DEPENDENCY: Unsupported platform for fsevents@1.2.4: wanted {"os":"darwin","arch":"any"} (current: {"os":"linux","arch":"x64"})

added 606 packages from 458 contributors and audited 5317 packages in 15.226s
found 272 vulnerabilities (1 moderate, 271 high)
  run `npm audit fix` to fix them, or `npm audit` for details
Removing intermediate container e2289e9d8c93
 ---> d5823f6bcfbe
Step 7/7 : CMD npm start
 ---> Running in c6365883d3ca
Removing intermediate container c6365883d3ca
 ---> 55b643b9eae6
Successfully built 55b643b9eae6
$ docker build -f Dockerfile.frontend .
Sending build context to Docker daemon  4.608kB
Step 1/7 : FROM node
 ---> 7c412a558705
Step 2/7 : EXPOSE 5000
 ---> Running in 4659a64ec53f
Removing intermediate container 4659a64ec53f
 ---> 7171da9632cd
Step 3/7 : ENV API_URL=http://localhost:80/api
 ---> Running in 9eb5bac1a0c6
Removing intermediate container 9eb5bac1a0c6
 ---> 67aff4bd7e9e
Step 4/7 : WORKDIR /home/node/
 ---> Running in ec55a30d60b7
Removing intermediate container ec55a30d60b7
 ---> f04f77d59f0f
Step 5/7 : RUN wget https://github.com/docker-hy/frontend-example-docker/archive/master.zip &&     unzip master.zip &&     mv -f frontend-example-docker-master/* . &&     rm -fr master.zip frontend-example-docker-master &&     mkdir logs &&     touch /home/node/logs/logs.txt &&     ln -s /home/node/logs/logs.txt /home/node/logs.txt &&     chown -R node:node .
 ---> Running in eb5187fa928f
--2019-07-17 19:39:53--  https://github.com/docker-hy/frontend-example-docker/archive/master.zip
Resolving github.com (github.com)... 140.82.118.4
Connecting to github.com (github.com)|140.82.118.4|:443... connected.
HTTP request sent, awaiting response... 302 Found
Location: https://codeload.github.com/docker-hy/frontend-example-docker/zip/master [following]
--2019-07-17 19:39:54--  https://codeload.github.com/docker-hy/frontend-example-docker/zip/master
Resolving codeload.github.com (codeload.github.com)... 140.82.113.10
Connecting to codeload.github.com (codeload.github.com)|140.82.113.10|:443... connected.
HTTP request sent, awaiting response... 200 OK
Length: unspecified [application/zip]
Saving to: 'master.zip'

     0K .......... .......... .......... .......... ..........  164K
    50K .......... .......... .......... .......... ..........  409K
   100K .                                                      39.0M=0.4s

2019-07-17 19:39:55 (238 KB/s) - 'master.zip' saved [104069]

Archive:  master.zip
c7fbf423d5ad397669cec1f0d8471df44e96fe9b
   creating: frontend-example-docker-master/
  inflating: frontend-example-docker-master/.gitignore  
  inflating: frontend-example-docker-master/README.md  
  inflating: frontend-example-docker-master/config.js  
  inflating: frontend-example-docker-master/package-lock.json  
  inflating: frontend-example-docker-master/package.json  
   creating: frontend-example-docker-master/src/
   creating: frontend-example-docker-master/src/assets/
  inflating: frontend-example-docker-master/src/assets/custom.css  
  inflating: frontend-example-docker-master/src/assets/toscalogo_black.svg  
  inflating: frontend-example-docker-master/src/assets/toscalogo_color.svg  
  inflating: frontend-example-docker-master/src/assets/toscalogo_grayscale.svg  
  inflating: frontend-example-docker-master/src/assets/toscalogo_white.svg  
   creating: frontend-example-docker-master/src/components/
  inflating: frontend-example-docker-master/src/components/App.js  
   creating: frontend-example-docker-master/src/components/ExercisesList/
  inflating: frontend-example-docker-master/src/components/ExercisesList/ExerciseAmIRunning.js  
  inflating: frontend-example-docker-master/src/components/ExercisesList/ExerciseBackendConnection.js  
  inflating: frontend-example-docker-master/src/components/ExercisesList/ExerciseDBConnection.js  
  inflating: frontend-example-docker-master/src/components/ExercisesList/ExerciseNginxSetup.js  
  inflating: frontend-example-docker-master/src/components/ExercisesList/ExerciseRedisSetup.js  
  inflating: frontend-example-docker-master/src/components/ExercisesList/index.js  
  inflating: frontend-example-docker-master/src/components/Footer.js  
  inflating: frontend-example-docker-master/src/components/NavBar.js  
  inflating: frontend-example-docker-master/src/components/OnlyView.js  
  inflating: frontend-example-docker-master/src/components/Router.js  
  inflating: frontend-example-docker-master/src/index.js  
   creating: frontend-example-docker-master/src/util/
  inflating: frontend-example-docker-master/src/util/apiConnection.js  
  inflating: frontend-example-docker-master/src/util/common.js  
   creating: frontend-example-docker-master/src/util/redux/
  inflating: frontend-example-docker-master/src/util/redux/index.js  
  inflating: frontend-example-docker-master/src/util/redux/messageReducer.js  
  inflating: frontend-example-docker-master/src/util/redux/simpleReducer.js  
  inflating: frontend-example-docker-master/src/util/store.js  
   creating: frontend-example-docker-master/util/
  inflating: frontend-example-docker-master/util/common.js  
  inflating: frontend-example-docker-master/webpack.config.js  
Removing intermediate container eb5187fa928f
 ---> 6cb860370a22
Step 6/7 : RUN npm install
 ---> Running in b4431ed996d8
npm WARN optional SKIPPING OPTIONAL DEPENDENCY: fsevents@1.2.7 (node_modules/fsevents):
npm WARN notsup SKIPPING OPTIONAL DEPENDENCY: Unsupported platform for fsevents@1.2.7: wanted {"os":"darwin","arch":"any"} (current: {"os":"linux","arch":"x64"})

added 1029 packages from 415 contributors and audited 11636 packages in 26.715s
found 311 vulnerabilities (4 moderate, 307 high)
  run `npm audit fix` to fix them, or `npm audit` for details
Removing intermediate container b4431ed996d8
 ---> f83a9da923c3
Step 7/7 : CMD npm start
 ---> Running in 99dc8949d8b4
Removing intermediate container 99dc8949d8b4
 ---> 154decb9f3ca
Successfully built 154decb9f3ca
$ docker images
REPOSITORY          TAG                 IMAGE ID            CREATED             SIZE
<none>              <none>              154decb9f3ca        4 minutes ago       1.06GB
<none>              <none>              55b643b9eae6        6 minutes ago       966MB
node                latest              7c412a558705        5 days ago          907MB
$ docker history --no-trunc 55b643b9eae6
IMAGE                                                                     CREATED             CREATED BY                                                                                                                                                                                                                                                                                                                                                                                                                                                                                                                                                                                                                                                                                                                                                                                                                                                                                                                                                                                                                                                                                                                                                                                                                                                                                                                                                                                                                                                                                                                                                                                                                                                                                                                                          SIZE                COMMENT
sha256:55b643b9eae636842c71b3090dba0bcea9031d0d6f152970425e6ffce4ebb85d   6 minutes ago       /bin/sh -c #(nop)  CMD ["/bin/sh" "-c" "npm start"]                                                                                                                                                                                                                                                                                                                                                                                                                                                                                                                                                                                                                                                                                                                                                                                                                                                                                                                                                                                                                                                                                                                                                                                                                                                                                                                                                                                                                                                                                                                                                                                                                                                                                                 0B                  
sha256:d5823f6bcfbee8eca32fabe1ea4be9e4ddb133be77c81675ada6bd6912999c08   6 minutes ago       /bin/sh -c npm install                                                                                                                                                                                                                                                                                                                                                                                                                                                                                                                                                                                                                                                                                                                                                                                                                                                                                                                                                                                                                                                                                                                                                                                                                                                                                                                                                                                                                                                                                                                                                                                                                                                                                                                              58.4MB              
sha256:839e23b435f4e099c477b7275410af1cd9956b742e62e06abf352c7cd5a52862   7 minutes ago       /bin/sh -c wget https://github.com/docker-hy/backend-example-docker/archive/master.zip &&     unzip master.zip &&     mv -f backend-example-docker-master/* . &&     rm -fr master.zip backend-example-docker-master &&     mkdir logs &&     mv -f logs.txt logs/ &&     ln -s /home/node/logs/logs.txt /home/node/logs.txt &&     chown -R node:node .                                                                                                                                                                                                                                                                                                                                                                                                                                                                                                                                                                                                                                                                                                                                                                                                                                                                                                                                                                                                                                                                                                                                                                                                                                                                                                                                                                                            223kB               
sha256:262f937b4fb68799cea5a5248118757bbe31b741cca305f11ad90d4efe49593e   7 minutes ago       /bin/sh -c #(nop) WORKDIR /home/node/                                                                                                                                                                                                                                                                                                                                                                                                                                                                                                                                                                                                                                                                                                                                                                                                                                                                                                                                                                                                                                                                                                                                                                                                                                                                                                                                                                                                                                                                                                                                                                                                                                                                                                               0B                  
sha256:8be78bd9acd1f838c12eef64365e7c85dde1217d2c9f21d9ffe51ecac66fc72e   7 minutes ago       /bin/sh -c #(nop)  ENV FRONT_URL=http://nginx:80                                                                                                                                                                                                                                                                                                                                                                                                                                                                                                                                                                                                                                                                                                                                                                                                                                                                                                                                                                                                                                                                                                                                                                                                                                                                                                                                                                                                                                                                                                                                                                                                                                                                                                    0B                  
sha256:a77574569fa3660b1bb9e826407365e76c2adb5b69d6aa16955bd62b47be9516   7 minutes ago       /bin/sh -c #(nop)  EXPOSE 8000                                                                                                                                                                                                                                                                                                                                                                                                                                                                                                                                                                                                                                                                                                                                                                                                                                                                                                                                                                                                                                                                                                                                                                                                                                                                                                                                                                                                                                                                                                                                                                                                                                                                                                                      0B                  
sha256:7c412a5587051c072ead1d7b44be8433ac9aaeb69d507116f3acb929bb537080   5 days ago          /bin/sh -c #(nop)  CMD ["node"]                                                                                                                                                                                                                                                                                                                                                                                                                                                                                                                                                                                                                                                                                                                                                                                                                                                                                                                                                                                                                                                                                                                                                                                                                                                                                                                                                                                                                                                                                                                                                                                                                                                                                                                     0B                  
<missing>                                                                 5 days ago          /bin/sh -c #(nop)  ENTRYPOINT ["docker-entrypoint.sh"]                                                                                                                                                                                                                                                                                                                                                                                                                                                                                                                                                                                                                                                                                                                                                                                                                                                                                                                                                                                                                                                                                                                                                                                                                                                                                                                                                                                                                                                                                                                                                                                                                                                                                              0B                  
<missing>                                                                 5 days ago          /bin/sh -c #(nop) COPY file:238737301d47304174e4d24f4def935b29b3069c03c72ae8de97d94624382fce in /usr/local/bin/                                                                                                                                                                                                                                                                                                                                                                                                                                                                                                                                                                                                                                                                                                                                                                                                                                                                                                                                                                                                                                                                                                                                                                                                                                                                                                                                                                                                                                                                                                                                                                                                                                     116B                
<missing>                                                                 5 days ago          /bin/sh -c set -ex   && for key in     6A010C5166006599AA17F08146C2130DFD2497F5   ; do     gpg --batch --keyserver hkp://p80.pool.sks-keyservers.net:80 --recv-keys "$key" ||     gpg --batch --keyserver hkp://ipv4.pool.sks-keyservers.net --recv-keys "$key" ||     gpg --batch --keyserver hkp://pgp.mit.edu:80 --recv-keys "$key" ;   done   && curl -fsSLO --compressed "https://yarnpkg.com/downloads/$YARN_VERSION/yarn-v$YARN_VERSION.tar.gz"   && curl -fsSLO --compressed "https://yarnpkg.com/downloads/$YARN_VERSION/yarn-v$YARN_VERSION.tar.gz.asc"   && gpg --batch --verify yarn-v$YARN_VERSION.tar.gz.asc yarn-v$YARN_VERSION.tar.gz   && mkdir -p /opt   && tar -xzf yarn-v$YARN_VERSION.tar.gz -C /opt/   && ln -s /opt/yarn-v$YARN_VERSION/bin/yarn /usr/local/bin/yarn   && ln -s /opt/yarn-v$YARN_VERSION/bin/yarnpkg /usr/local/bin/yarnpkg   && rm yarn-v$YARN_VERSION.tar.gz.asc yarn-v$YARN_VERSION.tar.gz                                                                                                                                                                                                                                                                                                                                                                                                                                                                                                                                                                                                                                                                                                                                                                                                                5.08MB              
<missing>                                                                 5 days ago          /bin/sh -c #(nop)  ENV YARN_VERSION=1.16.0                                                                                                                                                                                                                                                                                                                                                                                                                                                                                                                                                                                                                                                                                                                                                                                                                                                                                                                                                                                                                                                                                                                                                                                                                                                                                                                                                                                                                                                                                                                                                                                                                                                                                                          0B                  
<missing>                                                                 5 days ago          /bin/sh -c ARCH= && dpkgArch="$(dpkg --print-architecture)"   && case "${dpkgArch##*-}" in     amd64) ARCH='x64';;     ppc64el) ARCH='ppc64le';;     s390x) ARCH='s390x';;     arm64) ARCH='arm64';;     armhf) ARCH='armv7l';;     i386) ARCH='x86';;     *) echo "unsupported architecture"; exit 1 ;;   esac   && set -ex   && for key in     94AE36675C464D64BAFA68DD7434390BDBE9B9C5     FD3A5288F042B6850C66B31F09FE44734EB7990E     71DCFD284A79C3B38668286BC97EC7A07EDE3FC1     DD8F2338BAE7501E3DD5AC78C273792F7D83545D     C4F0DFFF4E8C1A8236409D08E73BC641CC11F4C8     B9AE9905FFD7803F25714661B63B535A4C206CA9     77984A986EBC2AA786BC0F66B01FBB92821C587A     8FCCA13FEF1D0C2E91008E09770F7A9A5AE15600     4ED778F539E3634C779C87C6D7062848A1AB005C     A48C2BEE680E841632CD4E44F07496B3EB3C1762     B9E2F5981AA6E0CD28160D9FF13993A75599653C   ; do     gpg --batch --keyserver hkp://p80.pool.sks-keyservers.net:80 --recv-keys "$key" ||     gpg --batch --keyserver hkp://ipv4.pool.sks-keyservers.net --recv-keys "$key" ||     gpg --batch --keyserver hkp://pgp.mit.edu:80 --recv-keys "$key" ;   done   && curl -fsSLO --compressed "https://nodejs.org/dist/v$NODE_VERSION/node-v$NODE_VERSION-linux-$ARCH.tar.xz"   && curl -fsSLO --compressed "https://nodejs.org/dist/v$NODE_VERSION/SHASUMS256.txt.asc"   && gpg --batch --decrypt --output SHASUMS256.txt SHASUMS256.txt.asc   && grep " node-v$NODE_VERSION-linux-$ARCH.tar.xz\$" SHASUMS256.txt | sha256sum -c -   && tar -xJf "node-v$NODE_VERSION-linux-$ARCH.tar.xz" -C /usr/local --strip-components=1 --no-same-owner   && rm "node-v$NODE_VERSION-linux-$ARCH.tar.xz" SHASUMS256.txt.asc SHASUMS256.txt   && ln -s /usr/local/bin/node /usr/local/bin/nodejs   66.1MB              
<missing>                                                                 5 days ago          /bin/sh -c #(nop)  ENV NODE_VERSION=12.6.0                                                                                                                                                                                                                                                                                                                                                                                                                                                                                                                                                                                                                                                                                                                                                                                                                                                                                                                                                                                                                                                                                                                                                                                                                                                                                                                                                                                                                                                                                                                                                                                                                                                                                                          0B                  
<missing>                                                                 5 days ago          /bin/sh -c groupadd --gid 1000 node   && useradd --uid 1000 --gid node --shell /bin/bash --create-home node                                                                                                                                                                                                                                                                                                                                                                                                                                                                                                                                                                                                                                                                                                                                                                                                                                                                                                                                                                                                                                                                                                                                                                                                                                                                                                                                                                                                                                                                                                                                                                                                                                         333kB               
<missing>                                                                 7 days ago          /bin/sh -c set -ex;  apt-get update;  apt-get install -y --no-install-recommends   autoconf   automake   bzip2   dpkg-dev   file   g++   gcc   imagemagick   libbz2-dev   libc6-dev   libcurl4-openssl-dev   libdb-dev   libevent-dev   libffi-dev   libgdbm-dev   libgeoip-dev   libglib2.0-dev   libgmp-dev   libjpeg-dev   libkrb5-dev   liblzma-dev   libmagickcore-dev   libmagickwand-dev   libncurses5-dev   libncursesw5-dev   libpng-dev   libpq-dev   libreadline-dev   libsqlite3-dev   libssl-dev   libtool   libwebp-dev   libxml2-dev   libxslt-dev   libyaml-dev   make   patch   unzip   xz-utils   zlib1g-dev     $(    if apt-cache show 'default-libmysqlclient-dev' 2>/dev/null | grep -q '^Version:'; then     echo 'default-libmysqlclient-dev';    else     echo 'libmysqlclient-dev';    fi   )  ;  rm -rf /var/lib/apt/lists/*                                                                                                                                                                                                                                                                                                                                                                                                                                                                                                                                                                                                                                                                                                                                                                                                                                                                                             562MB               
<missing>                                                                 7 days ago          /bin/sh -c apt-get update && apt-get install -y --no-install-recommends   bzr   git   mercurial   openssh-client   subversion     procps  && rm -rf /var/lib/apt/lists/*                                                                                                                                                                                                                                                                                                                                                                                                                                                                                                                                                                                                                                                                                                                                                                                                                                                                                                                                                                                                                                                                                                                                                                                                                                                                                                                                                                                                                                                                                                                                                                            142MB               
<missing>                                                                 7 days ago          /bin/sh -c set -ex;  if ! command -v gpg > /dev/null; then   apt-get update;   apt-get install -y --no-install-recommends    gnupg    dirmngr   ;   rm -rf /var/lib/apt/lists/*;  fi                                                                                                                                                                                                                                                                                                                                                                                                                                                                                                                                                                                                                                                                                                                                                                                                                                                                                                                                                                                                                                                                                                                                                                                                                                                                                                                                                                                                                                                                                                                                                                7.81MB              
<missing>                                                                 7 days ago          /bin/sh -c apt-get update && apt-get install -y --no-install-recommends   ca-certificates   curl   netbase   wget  && rm -rf /var/lib/apt/lists/*                                                                                                                                                                                                                                                                                                                                                                                                                                                                                                                                                                                                                                                                                                                                                                                                                                                                                                                                                                                                                                                                                                                                                                                                                                                                                                                                                                                                                                                                                                                                                                                                   23.2MB              
<missing>                                                                 7 days ago          /bin/sh -c #(nop)  CMD ["bash"]                                                                                                                                                                                                                                                                                                                                                                                                                                                                                                                                                                                                                                                                                                                                                                                                                                                                                                                                                                                                                                                                                                                                                                                                                                                                                                                                                                                                                                                                                                                                                                                                                                                                                                                     0B                  
<missing>                                                                 7 days ago          /bin/sh -c #(nop) ADD file:f615b611820773fd6bdf2fda01a5b2f24ca2877bd63fa0abd274985bed212e67 in /                                                                                                                                                                                                                                                                                                                                                                                                                                                                                                                                                                                                                                                                                                                                                                                                                                                                                                                                                                                                                                                                                                                                                                                                                                                                                                                                                                                                                                                                                                                                                                                                                                                    101MB               
$ docker history --no-trunc 154decb9f3ca

IMAGE                                                                     CREATED             CREATED BY                                                                                                                                                                                                                                                                                                                                                                                                                                                                                                                                                                                                                                                                                                                                                                                                                                                                                                                                                                                                                                                                                                                                                                                                                                                                                                                                                                                                                                                                                                                                                                                                                                                                                                                                          SIZE                COMMENT
sha256:154decb9f3cae211fc48887c7cef80ef752305688d70b5e69933a1ec1f09ca05   5 minutes ago       /bin/sh -c #(nop)  CMD ["/bin/sh" "-c" "npm start"]                                                                                                                                                                                                                                                                                                                                                                                                                                                                                                                                                                                                                                                                                                                                                                                                                                                                                                                                                                                                                                                                                                                                                                                                                                                                                                                                                                                                                                                                                                                                                                                                                                                                                                 0B                  
sha256:f83a9da923c326b14aa35922f3cee95476a69093ebf1cd435c63dfdcc97bb538   5 minutes ago       /bin/sh -c npm install                                                                                                                                                                                                                                                                                                                                                                                                                                                                                                                                                                                                                                                                                                                                                                                                                                                                                                                                                                                                                                                                                                                                                                                                                                                                                                                                                                                                                                                                                                                                                                                                                                                                                                                              155MB               
sha256:6cb860370a22a6002a6de9a91e0bccaf634664826a5db6fb12bab19f2b851052   6 minutes ago       /bin/sh -c wget https://github.com/docker-hy/frontend-example-docker/archive/master.zip &&     unzip master.zip &&     mv -f frontend-example-docker-master/* . &&     rm -fr master.zip frontend-example-docker-master &&     mkdir logs &&     touch /home/node/logs/logs.txt &&     ln -s /home/node/logs/logs.txt /home/node/logs.txt &&     chown -R node:node .                                                                                                                                                                                                                                                                                                                                                                                                                                                                                                                                                                                                                                                                                                                                                                                                                                                                                                                                                                                                                                                                                                                                                                                                                                                                                                                                                                               389kB               
sha256:f04f77d59f0f7cbba3e168315af1f02c8790d11a769ba588368abcef7aa745c7   6 minutes ago       /bin/sh -c #(nop) WORKDIR /home/node/                                                                                                                                                                                                                                                                                                                                                                                                                                                                                                                                                                                                                                                                                                                                                                                                                                                                                                                                                                                                                                                                                                                                                                                                                                                                                                                                                                                                                                                                                                                                                                                                                                                                                                               0B                  
sha256:67aff4bd7e9e2437a15a8a2b5de8ad9fda464610288d4f9eab34b9dd4537aaa4   6 minutes ago       /bin/sh -c #(nop)  ENV API_URL=http://localhost:80/api                                                                                                                                                                                                                                                                                                                                                                                                                                                                                                                                                                                                                                                                                                                                                                                                                                                                                                                                                                                                                                                                                                                                                                                                                                                                                                                                                                                                                                                                                                                                                                                                                                                                                              0B                  
sha256:7171da9632cda94698813b1aa6f86c1feb83818e4d83a931e75ff7aca3401050   6 minutes ago       /bin/sh -c #(nop)  EXPOSE 5000                                                                                                                                                                                                                                                                                                                                                                                                                                                                                                                                                                                                                                                                                                                                                                                                                                                                                                                                                                                                                                                                                                                                                                                                                                                                                                                                                                                                                                                                                                                                                                                                                                                                                                                      0B                  
sha256:7c412a5587051c072ead1d7b44be8433ac9aaeb69d507116f3acb929bb537080   5 days ago          /bin/sh -c #(nop)  CMD ["node"]                                                                                                                                                                                                                                                                                                                                                                                                                                                                                                                                                                                                                                                                                                                                                                                                                                                                                                                                                                                                                                                                                                                                                                                                                                                                                                                                                                                                                                                                                                                                                                                                                                                                                                                     0B                  
<missing>                                                                 5 days ago          /bin/sh -c #(nop)  ENTRYPOINT ["docker-entrypoint.sh"]                                                                                                                                                                                                                                                                                                                                                                                                                                                                                                                                                                                                                                                                                                                                                                                                                                                                                                                                                                                                                                                                                                                                                                                                                                                                                                                                                                                                                                                                                                                                                                                                                                                                                              0B                  
<missing>                                                                 5 days ago          /bin/sh -c #(nop) COPY file:238737301d47304174e4d24f4def935b29b3069c03c72ae8de97d94624382fce in /usr/local/bin/                                                                                                                                                                                                                                                                                                                                                                                                                                                                                                                                                                                                                                                                                                                                                                                                                                                                                                                                                                                                                                                                                                                                                                                                                                                                                                                                                                                                                                                                                                                                                                                                                                     116B                
<missing>                                                                 5 days ago          /bin/sh -c set -ex   && for key in     6A010C5166006599AA17F08146C2130DFD2497F5   ; do     gpg --batch --keyserver hkp://p80.pool.sks-keyservers.net:80 --recv-keys "$key" ||     gpg --batch --keyserver hkp://ipv4.pool.sks-keyservers.net --recv-keys "$key" ||     gpg --batch --keyserver hkp://pgp.mit.edu:80 --recv-keys "$key" ;   done   && curl -fsSLO --compressed "https://yarnpkg.com/downloads/$YARN_VERSION/yarn-v$YARN_VERSION.tar.gz"   && curl -fsSLO --compressed "https://yarnpkg.com/downloads/$YARN_VERSION/yarn-v$YARN_VERSION.tar.gz.asc"   && gpg --batch --verify yarn-v$YARN_VERSION.tar.gz.asc yarn-v$YARN_VERSION.tar.gz   && mkdir -p /opt   && tar -xzf yarn-v$YARN_VERSION.tar.gz -C /opt/   && ln -s /opt/yarn-v$YARN_VERSION/bin/yarn /usr/local/bin/yarn   && ln -s /opt/yarn-v$YARN_VERSION/bin/yarnpkg /usr/local/bin/yarnpkg   && rm yarn-v$YARN_VERSION.tar.gz.asc yarn-v$YARN_VERSION.tar.gz                                                                                                                                                                                                                                                                                                                                                                                                                                                                                                                                                                                                                                                                                                                                                                                                                5.08MB              
<missing>                                                                 5 days ago          /bin/sh -c #(nop)  ENV YARN_VERSION=1.16.0                                                                                                                                                                                                                                                                                                                                                                                                                                                                                                                                                                                                                                                                                                                                                                                                                                                                                                                                                                                                                                                                                                                                                                                                                                                                                                                                                                                                                                                                                                                                                                                                                                                                                                          0B                  
<missing>                                                                 5 days ago          /bin/sh -c ARCH= && dpkgArch="$(dpkg --print-architecture)"   && case "${dpkgArch##*-}" in     amd64) ARCH='x64';;     ppc64el) ARCH='ppc64le';;     s390x) ARCH='s390x';;     arm64) ARCH='arm64';;     armhf) ARCH='armv7l';;     i386) ARCH='x86';;     *) echo "unsupported architecture"; exit 1 ;;   esac   && set -ex   && for key in     94AE36675C464D64BAFA68DD7434390BDBE9B9C5     FD3A5288F042B6850C66B31F09FE44734EB7990E     71DCFD284A79C3B38668286BC97EC7A07EDE3FC1     DD8F2338BAE7501E3DD5AC78C273792F7D83545D     C4F0DFFF4E8C1A8236409D08E73BC641CC11F4C8     B9AE9905FFD7803F25714661B63B535A4C206CA9     77984A986EBC2AA786BC0F66B01FBB92821C587A     8FCCA13FEF1D0C2E91008E09770F7A9A5AE15600     4ED778F539E3634C779C87C6D7062848A1AB005C     A48C2BEE680E841632CD4E44F07496B3EB3C1762     B9E2F5981AA6E0CD28160D9FF13993A75599653C   ; do     gpg --batch --keyserver hkp://p80.pool.sks-keyservers.net:80 --recv-keys "$key" ||     gpg --batch --keyserver hkp://ipv4.pool.sks-keyservers.net --recv-keys "$key" ||     gpg --batch --keyserver hkp://pgp.mit.edu:80 --recv-keys "$key" ;   done   && curl -fsSLO --compressed "https://nodejs.org/dist/v$NODE_VERSION/node-v$NODE_VERSION-linux-$ARCH.tar.xz"   && curl -fsSLO --compressed "https://nodejs.org/dist/v$NODE_VERSION/SHASUMS256.txt.asc"   && gpg --batch --decrypt --output SHASUMS256.txt SHASUMS256.txt.asc   && grep " node-v$NODE_VERSION-linux-$ARCH.tar.xz\$" SHASUMS256.txt | sha256sum -c -   && tar -xJf "node-v$NODE_VERSION-linux-$ARCH.tar.xz" -C /usr/local --strip-components=1 --no-same-owner   && rm "node-v$NODE_VERSION-linux-$ARCH.tar.xz" SHASUMS256.txt.asc SHASUMS256.txt   && ln -s /usr/local/bin/node /usr/local/bin/nodejs   66.1MB              
<missing>                                                                 5 days ago          /bin/sh -c #(nop)  ENV NODE_VERSION=12.6.0                                                                                                                                                                                                                                                                                                                                                                                                                                                                                                                                                                                                                                                                                                                                                                                                                                                                                                                                                                                                                                                                                                                                                                                                                                                                                                                                                                                                                                                                                                                                                                                                                                                                                                          0B                  
<missing>                                                                 5 days ago          /bin/sh -c groupadd --gid 1000 node   && useradd --uid 1000 --gid node --shell /bin/bash --create-home node                                                                                                                                                                                                                                                                                                                                                                                                                                                                                                                                                                                                                                                                                                                                                                                                                                                                                                                                                                                                                                                                                                                                                                                                                                                                                                                                                                                                                                                                                                                                                                                                                                         333kB               
<missing>                                                                 7 days ago          /bin/sh -c set -ex;  apt-get update;  apt-get install -y --no-install-recommends   autoconf   automake   bzip2   dpkg-dev   file   g++   gcc   imagemagick   libbz2-dev   libc6-dev   libcurl4-openssl-dev   libdb-dev   libevent-dev   libffi-dev   libgdbm-dev   libgeoip-dev   libglib2.0-dev   libgmp-dev   libjpeg-dev   libkrb5-dev   liblzma-dev   libmagickcore-dev   libmagickwand-dev   libncurses5-dev   libncursesw5-dev   libpng-dev   libpq-dev   libreadline-dev   libsqlite3-dev   libssl-dev   libtool   libwebp-dev   libxml2-dev   libxslt-dev   libyaml-dev   make   patch   unzip   xz-utils   zlib1g-dev     $(    if apt-cache show 'default-libmysqlclient-dev' 2>/dev/null | grep -q '^Version:'; then     echo 'default-libmysqlclient-dev';    else     echo 'libmysqlclient-dev';    fi   )  ;  rm -rf /var/lib/apt/lists/*                                                                                                                                                                                                                                                                                                                                                                                                                                                                                                                                                                                                                                                                                                                                                                                                                                                                                             562MB               
<missing>                                                                 7 days ago          /bin/sh -c apt-get update && apt-get install -y --no-install-recommends   bzr   git   mercurial   openssh-client   subversion     procps  && rm -rf /var/lib/apt/lists/*                                                                                                                                                                                                                                                                                                                                                                                                                                                                                                                                                                                                                                                                                                                                                                                                                                                                                                                                                                                                                                                                                                                                                                                                                                                                                                                                                                                                                                                                                                                                                                            142MB               
<missing>                                                                 7 days ago          /bin/sh -c set -ex;  if ! command -v gpg > /dev/null; then   apt-get update;   apt-get install -y --no-install-recommends    gnupg    dirmngr   ;   rm -rf /var/lib/apt/lists/*;  fi                                                                                                                                                                                                                                                                                                                                                                                                                                                                                                                                                                                                                                                                                                                                                                                                                                                                                                                                                                                                                                                                                                                                                                                                                                                                                                                                                                                                                                                                                                                                                                7.81MB              
<missing>                                                                 7 days ago          /bin/sh -c apt-get update && apt-get install -y --no-install-recommends   ca-certificates   curl   netbase   wget  && rm -rf /var/lib/apt/lists/*                                                                                                                                                                                                                                                                                                                                                                                                                                                                                                                                                                                                                                                                                                                                                                                                                                                                                                                                                                                                                                                                                                                                                                                                                                                                                                                                                                                                                                                                                                                                                                                                   23.2MB              
<missing>                                                                 7 days ago          /bin/sh -c #(nop)  CMD ["bash"]                                                                                                                                                                                                                                                                                                                                                                                                                                                                                                                                                                                                                                                                                                                                                                                                                                                                                                                                                                                                                                                                                                                                                                                                                                                                                                                                                                                                                                                                                                                                                                                                                                                                                                                     0B                  
<missing>                                                                 7 days ago          /bin/sh -c #(nop) ADD file:f615b611820773fd6bdf2fda01a5b2f24ca2877bd63fa0abd274985bed212e67 in /                                                                                                                                                                                                                                                                                                                                                                                                                                                                                                                                                                                                                                                                                                                                                                                                                                                                                                                                                                                                                                                                                                                                                                                                                                                                                                                                                                                                                                                                                                                                                                                                                                                    101MB               
$
